1                                                          The SAS System                           17:16 Monday, September 11, 2017

NOTE: Copyright (c) 2002-2012 by SAS Institute Inc., Cary, NC, USA. 
NOTE: SAS (r) Proprietary Software 9.4 (TS1M1) 
      Licensed to UNIVERSITY OF ALABAMA AT BIRMINGHAM - SFA - T&R, Site 70058223.
NOTE: This session is executing on the W32_ES08R2  platform.



NOTE: Updated analytical products:
      
      SAS/STAT 13.1
      SAS/ETS 13.1
      SAS/OR 13.1
      SAS/IML 13.1
      SAS/QC 13.1

NOTE: Additional host information:

 W32_ES08R2 WIN 6.1.7601 Service Pack 1 Server

--- PEER News and Updates ---

: SECURITY REMINDER :
Please remember not to copy any data files that contain PHI (protected health identifiers) to any of the shared folders.

 


NOTE: SAS initialization used:
      real time           0.17 seconds
      cpu time            0.10 seconds
      
1          *  University of Alabama at Birmingham                               *
2          *  AS project                                            *
3          **********************************************************************;
4          options pagesize=74 linesize=150 pageno=1 missing=' ' date FORMCHAR="|----|+|---+=|-/\<>*";
5          * Programmer    : Benjamin Chan <chanb@ohsu.edu>
6          * Creation date :
7          * Modify date   :
8          ;
9          %let cmt=buildServiceCodeDatasets; * type the name of your program here (without the filename extension);
10         %let pgm=&cmt..sas;
11         %include "lib\libname.sas" ;
NOTE: Libref STDC5P was successfully assigned as follows: 
      Engine:        SPDE 
      Physical Name: H:\studies\osteo\data\STD_files\5pct\
NOTE: Libref STD_SABR was successfully assigned as follows: 
      Engine:        SPDE 
      Physical Name: q:\data\std_SABER\
NOTE: Libref MPSTD was successfully assigned as follows: 
      Engine:        SPDE 
      Physical Name: h:\studies\mpcd\data\stddata\
NOTE: Libref UCBSTD was successfully assigned as follows: 
      Engine:        SPDE 
      Physical Name: q:\studies\AS\data\stddata\
NOTE: Libref UCB was successfully assigned as follows: 
      Engine:        SPDE 
      Physical Name: q:\studies\AS\data\UCB\
NOTE: Libref DT was successfully assigned as follows: 
      Engine:        V9 
      Physical Name: V:\studies\AS\data
92         footnote "&pgm.";
93         * footnote2 "%sysfunc(datetime(),datetime14.)";
94         title1 '--- AS project ---';
95         **********************************************************************;
96         options macrogen mlogic mprint symbolgen;
97         options nomacrogen nomlogic nomprint nosymbolgen;
98         
99         
100        ods html
101          body = "output\&cmt..html"
102          style = Statistical;
NOTE: Writing HTML Body file: output\buildServiceCodeDatasets.html
2                                                                   The SAS System                                    17:16 Monday, September 11, 2017

103        
104        
105        /*
106        From: Chen, Lang [mailto:langchen@uabmc.edu]
107        Sent: Monday, September 11, 2017 1:59 PM
108        To: Benjamin Chan <chanb@ohsu.edu>; Curtis, Jeffrey R <jrcurtis@uabmc.edu>; Kevin Winthrop <winthrop@ohsu.edu>
109        Cc: Atul Deodhar <deodhara@ohsu.edu>; Sarah Siegel <siegels@ohsu.edu>; Yang, Shuo <shuoyang@uabmc.edu>; Xie, Fenglong
109      ! <fenglongxie@uabmc.edu>
110        Subject: RE: quick summary of AS call
111        
112        physician-diagnosed codes is usually define by IP AV ED NH and HH. We usually
113        do not use provider type field. Provider type is provider specialty and MPCD
114        and CMS use different coding system.
115         */
116        
117        
118        /*
119        Service code data sets for prevalence (non-fracture outcomes)
120         */
121        %let type = Prev;
122        %let select1 = select A.*, B.enc_type, B.admit_date, B.begin_date, B.discharge_date, B.end_date, B.dx_type, B.dx, B.pdx, "ICD9-DX" as
122      ! codeType, B.dx as code;
123        %let on1 = on (A.patid = B.patid);
124        %let select2 = select A.patid, A.enc_type, A.admit_date, A.begin_date, A.discharge_date, A.end_date, A.dx_type, A.dx, A.pdx;
125        %let where2 = where A.dx_type = "09" & A.enc_type in ("IP", "AV", "ED", "NH", "HH");
126        %let selectfrom3 = select * from DT.indexLookup;
127        
128        %include "lib\buildDx.sas";  /* Call script to query ICD-9 diagnosis codes */
NOTE: Table UCB.TEMPLOOKUPMPCD created, with 4353 rows and 13 columns.

NOTE: Table UCB.TEMP0710 created, with 176326981 rows and 9 columns.

NOTE: Table UCB.TEMPPREVDXMPCD created, with 446656 rows and 23 columns.

NOTE: Table UCB.TEMP0710 has been dropped.
NOTE: Table UCB.TEMPLOOKUPMARKETSCAN created, with 18413 rows and 13 columns.

NOTE: Parallel WHERE evaluation suppressed due to sort order on table.
NOTE: Table UCB.TEMP10 created, with 137626649 rows and 9 columns.

NOTE: Parallel WHERE evaluation suppressed due to sort order on table.
NOTE: Table UCB.TEMP11 created, with 178130212 rows and 9 columns.

NOTE: Parallel WHERE evaluation suppressed due to sort order on table.
NOTE: Table UCB.TEMP12 created, with 214880646 rows and 9 columns.

NOTE: Parallel WHERE evaluation suppressed due to sort order on table.
NOTE: Table UCB.TEMP13 created, with 205056808 rows and 9 columns.

NOTE: Parallel WHERE evaluation suppressed due to sort order on table.
NOTE: Table UCB.TEMP14 created, with 227966392 rows and 9 columns.

NOTE: Table UCB.TEMPPREVDXUCB created, with 1617715 rows and 23 columns.

NOTE: Table UCB.TEMP10 has been dropped.
NOTE: Table UCB.TEMP11 has been dropped.
NOTE: Table UCB.TEMP12 has been dropped.
NOTE: Table UCB.TEMP13 has been dropped.
NOTE: Table UCB.TEMP14 has been dropped.
NOTE: Table UCB.TEMPLOOKUPMEDICARE created, with 37244 rows and 13 columns.

NOTE: Table UCB.TEMP06 created, with 87381052 rows and 9 columns.

NOTE: Table UCB.TEMP07 created, with 94990718 rows and 9 columns.

NOTE: Table UCB.TEMP08 created, with 99936827 rows and 9 columns.

NOTE: Table UCB.TEMP09 created, with 102632529 rows and 9 columns.

NOTE: Table UCB.TEMP10 created, with 124547135 rows and 9 columns.

NOTE: Table UCB.TEMP11 created, with 172183986 rows and 9 columns.
3                                                                   The SAS System                                    17:16 Monday, September 11, 2017


NOTE: Table UCB.TEMP12 created, with 152144211 rows and 9 columns.

NOTE: Table UCB.TEMP13 created, with 315380297 rows and 9 columns.

NOTE: Table UCB.TEMP14 created, with 360484305 rows and 9 columns.

NOTE: Table UCB.TEMPPREVDXSABR created, with 15242768 rows and 23 columns.

NOTE: Table UCB.TEMP06 has been dropped.
NOTE: Table UCB.TEMP07 has been dropped.
NOTE: Table UCB.TEMP08 has been dropped.
NOTE: Table UCB.TEMP09 has been dropped.
NOTE: Table UCB.TEMP10 has been dropped.
NOTE: Table UCB.TEMP11 has been dropped.
NOTE: Table UCB.TEMP12 has been dropped.
NOTE: Table UCB.TEMP13 has been dropped.
NOTE: Table UCB.TEMP14 has been dropped.
NOTE: PROCEDURE SQL used (Total process time):
      real time           1:36:08.65
      cpu time            1:25:49.85
      

186        
187        %let select1 = select A.*,
188                              B.admit_date, B.begin_date, B.discharge_date, B.end_date, B.px_date, B.px_type, B.px,
189                              case
190                                when B.px_type = "09" then "ICD9-PX"
191                                when B.px_type = "C1" | ^anyalpha(strip(B.px)) then "CPT"
192                                when B.px_type = "H1" & anyalpha(substr(strip(B.px), 1, 1)) & ^anyalpha(strip(B.px), 2) then "HCPCS"
193                                else ""
194                                end as codeType,
195                              B.px as code;
196        %let select2 = select patid, admit_date, begin_date, discharge_date, end_date, px_date, px_type, px;
197        
198        %include "lib\buildPx.sas";  /* Call script to query procedure codes */
NOTE: Table UCB.TEMP0710 created, with 346484578 rows and 8 columns.

NOTE: Table UCB.TEMPPREVPXMPCD created, with 880584 rows and 22 columns.

NOTE: Table UCB.TEMP0710 has been dropped.
NOTE: Table UCB.TEMP10 created, with 391592729 rows and 8 columns.

NOTE: Table UCB.TEMP11 created, with 491685366 rows and 8 columns.

NOTE: Table UCB.TEMP12 created, with 578756109 rows and 8 columns.

NOTE: Table UCB.TEMP13 created, with 524982991 rows and 8 columns.

NOTE: Table UCB.TEMP14 created, with 562542993 rows and 8 columns.

NOTE: Table UCB.TEMPPREVPXUCB created, with 4303647 rows and 22 columns.

NOTE: Table UCB.TEMP10 has been dropped.
NOTE: Table UCB.TEMP11 has been dropped.
NOTE: Table UCB.TEMP12 has been dropped.
NOTE: Table UCB.TEMP13 has been dropped.
NOTE: Table UCB.TEMP14 has been dropped.
NOTE: Table UCB.TEMP06 created, with 168021311 rows and 8 columns.

NOTE: Table UCB.TEMP07 created, with 184413125 rows and 8 columns.

NOTE: Table UCB.TEMP08 created, with 195342614 rows and 8 columns.

NOTE: Table UCB.TEMP09 created, with 201608393 rows and 8 columns.

NOTE: Table UCB.TEMP10 created, with 224496201 rows and 8 columns.

NOTE: Table UCB.TEMP11 created, with 246477259 rows and 8 columns.

NOTE: Table UCB.TEMP12 created, with 310647729 rows and 8 columns.

4                                                                   The SAS System                                    17:16 Monday, September 11, 2017

NOTE: Table UCB.TEMP13 created, with 447988736 rows and 8 columns.

NOTE: Table UCB.TEMP14 created, with 535737236 rows and 8 columns.

NOTE: Table UCB.TEMPPREVPXSABR created, with 29446326 rows and 22 columns.

NOTE: Table UCB.TEMP06 has been dropped.
NOTE: Table UCB.TEMP07 has been dropped.
NOTE: Table UCB.TEMP08 has been dropped.
NOTE: Table UCB.TEMP09 has been dropped.
NOTE: Table UCB.TEMP10 has been dropped.
NOTE: Table UCB.TEMP11 has been dropped.
NOTE: Table UCB.TEMP12 has been dropped.
NOTE: Table UCB.TEMP13 has been dropped.
NOTE: Table UCB.TEMP14 has been dropped.
NOTE: PROCEDURE SQL used (Total process time):
      real time           3:02:31.68
      cpu time            1:58:01.76
      

253        
254        
255        /*
256        Service code data sets for incidence (non-fracture outcomes)
257         */
258        %let type = Inc;
259        %let select1 = select A.*, B.enc_type, B.admit_date, B.begin_date, B.discharge_date, B.end_date, B.dx_type, B.dx, B.pdx, "ICD9-DX" as
259      ! codeType, B.dx as code;
260        %let on1 = on (A.patid = B.patid & A.exposureStart <= B.begin_date <= A.exposureEnd);
261        %let select2 = select A.patid, A.enc_type, A.admit_date, A.begin_date, A.discharge_date, A.end_date, A.dx_type, A.dx, A.pdx;
262        %let where2 = where dx_type = "09" & A.enc_type in ("IP", "AV", "ED", "NH", "HH");
263        %let selectfrom3 = select * from DT.exposureTimeline;
264        
265        %include "lib\buildDx.sas";  /* Call script to query ICD-9 diagnosis codes */
NOTE: Table UCB.TEMPLOOKUPMPCD created, with 3624 rows and 9 columns.

NOTE: Table UCB.TEMP0710 created, with 176326981 rows and 9 columns.

NOTE: Table UCB.TEMPINCDXMPCD created, with 163076 rows and 19 columns.

NOTE: Table UCB.TEMP0710 has been dropped.
NOTE: Table UCB.TEMPLOOKUPMARKETSCAN created, with 14759 rows and 9 columns.

NOTE: Parallel WHERE evaluation suppressed due to sort order on table.
NOTE: Table UCB.TEMP10 created, with 137626649 rows and 9 columns.

NOTE: Parallel WHERE evaluation suppressed due to sort order on table.
NOTE: Table UCB.TEMP11 created, with 178130212 rows and 9 columns.

NOTE: Parallel WHERE evaluation suppressed due to sort order on table.
NOTE: Table UCB.TEMP12 created, with 214880646 rows and 9 columns.

NOTE: Parallel WHERE evaluation suppressed due to sort order on table.
NOTE: Table UCB.TEMP13 created, with 205056808 rows and 9 columns.

NOTE: Parallel WHERE evaluation suppressed due to sort order on table.
NOTE: Table UCB.TEMP14 created, with 227966392 rows and 9 columns.

NOTE: Table UCB.TEMPINCDXUCB created, with 490563 rows and 19 columns.

NOTE: Table UCB.TEMP10 has been dropped.
NOTE: Table UCB.TEMP11 has been dropped.
NOTE: Table UCB.TEMP12 has been dropped.
NOTE: Table UCB.TEMP13 has been dropped.
NOTE: Table UCB.TEMP14 has been dropped.
NOTE: Table UCB.TEMPLOOKUPMEDICARE created, with 27672 rows and 9 columns.

NOTE: Table UCB.TEMP06 created, with 87381052 rows and 9 columns.

NOTE: Table UCB.TEMP07 created, with 94990718 rows and 9 columns.

NOTE: Table UCB.TEMP08 created, with 99936827 rows and 9 columns.
5                                                                   The SAS System                                    17:16 Monday, September 11, 2017


NOTE: Table UCB.TEMP09 created, with 102632529 rows and 9 columns.

NOTE: Table UCB.TEMP10 created, with 124547135 rows and 9 columns.

NOTE: Table UCB.TEMP11 created, with 172183986 rows and 9 columns.

NOTE: Table UCB.TEMP12 created, with 152144211 rows and 9 columns.

NOTE: Table UCB.TEMP13 created, with 315380297 rows and 9 columns.

NOTE: Table UCB.TEMP14 created, with 360484305 rows and 9 columns.

NOTE: Table UCB.TEMPINCDXSABR created, with 4517292 rows and 19 columns.

NOTE: Table UCB.TEMP06 has been dropped.
NOTE: Table UCB.TEMP07 has been dropped.
NOTE: Table UCB.TEMP08 has been dropped.
NOTE: Table UCB.TEMP09 has been dropped.
NOTE: Table UCB.TEMP10 has been dropped.
NOTE: Table UCB.TEMP11 has been dropped.
NOTE: Table UCB.TEMP12 has been dropped.
NOTE: Table UCB.TEMP13 has been dropped.
NOTE: Table UCB.TEMP14 has been dropped.
NOTE: PROCEDURE SQL used (Total process time):
      real time           1:34:07.35
      cpu time            1:30:27.74
      

323        
324        %let select1 = select A.*,
325                              B.admit_date, B.begin_date, B.discharge_date, B.end_date, B.px_date, B.px_type, B.px,
326                              case
327                                when B.px_type = "09" then "ICD9-PX"
328                                when B.px_type = "C1" | ^anyalpha(strip(B.px)) then "CPT"
329                                when B.px_type = "H1" & anyalpha(substr(strip(B.px), 1, 1)) & ^anyalpha(strip(B.px), 2) then "HCPCS"
330                                else ""
331                                end as codeType,
332                              B.px as code;
333        %let select2 = select patid, admit_date, begin_date, discharge_date, end_date, px_date, px_type, px;
334        
335        %include "lib\buildPx.sas";  /* Call script to query procedure codes */
NOTE: Table UCB.TEMP0710 created, with 346484578 rows and 8 columns.

NOTE: Table UCB.TEMPINCPXMPCD created, with 290338 rows and 18 columns.

NOTE: Table UCB.TEMP0710 has been dropped.
NOTE: Table UCB.TEMP10 created, with 391592729 rows and 8 columns.

NOTE: Table UCB.TEMP11 created, with 491685366 rows and 8 columns.

NOTE: Table UCB.TEMP12 created, with 578756109 rows and 8 columns.

NOTE: Table UCB.TEMP13 created, with 524982991 rows and 8 columns.

NOTE: Table UCB.TEMP14 created, with 562542993 rows and 8 columns.

NOTE: Table UCB.TEMPINCPXUCB created, with 1232826 rows and 18 columns.

NOTE: Table UCB.TEMP10 has been dropped.
NOTE: Table UCB.TEMP11 has been dropped.
NOTE: Table UCB.TEMP12 has been dropped.
NOTE: Table UCB.TEMP13 has been dropped.
NOTE: Table UCB.TEMP14 has been dropped.
NOTE: Table UCB.TEMP06 created, with 168021311 rows and 8 columns.

NOTE: Table UCB.TEMP07 created, with 184413125 rows and 8 columns.

NOTE: Table UCB.TEMP08 created, with 195342614 rows and 8 columns.

NOTE: Table UCB.TEMP09 created, with 201608393 rows and 8 columns.

6                                                                   The SAS System                                    17:16 Monday, September 11, 2017

NOTE: Table UCB.TEMP10 created, with 224496201 rows and 8 columns.

NOTE: Table UCB.TEMP11 created, with 246477259 rows and 8 columns.

NOTE: Table UCB.TEMP12 created, with 310647729 rows and 8 columns.

NOTE: Table UCB.TEMP13 created, with 447988736 rows and 8 columns.

NOTE: Table UCB.TEMP14 created, with 535737236 rows and 8 columns.

NOTE: Table UCB.TEMPINCPXSABR created, with 6367119 rows and 18 columns.

NOTE: Table UCB.TEMP06 has been dropped.
NOTE: Table UCB.TEMP07 has been dropped.
NOTE: Table UCB.TEMP08 has been dropped.
NOTE: Table UCB.TEMP09 has been dropped.
NOTE: Table UCB.TEMP10 has been dropped.
NOTE: Table UCB.TEMP11 has been dropped.
NOTE: Table UCB.TEMP12 has been dropped.
NOTE: Table UCB.TEMP13 has been dropped.
NOTE: Table UCB.TEMP14 has been dropped.
NOTE: PROCEDURE SQL used (Total process time):
      real time           2:59:27.33
      cpu time            1:49:35.89
      

390        
391        
392        /*
393        Service code data sets for fracture outcomes
394        Fracture service code data sets are used for both prevalence and incidence;
395        unlike non-fracture service code data sets
396         */
397        %let type = Frac;
398        %let select1 = select A.*,
399                              B.encounterID, B.enc_type, B.admit_date, B.begin_date, B.discharge_date, B.end_date, B.dx_type, B.dx, B.pdx,
399      ! "ICD9-DX" as codeType, B.dx as code,
400                              B.diagCodeType;
401        %let on1 = on (A.patid = B.patid);
402        %let select2 = select A.patid, A.encounterID, A.enc_type, A.admit_date, A.begin_date, A.discharge_date, A.end_date, A.dx_type, A.dx, A.pdx,
403                              case
404                                when '800' <= substr(A.dx, 1, 3) <= '829' or substr(A.dx, 1, 4) = '7331' then "Fracture code"
405                                when substr(A.dx, 1, 4) in ('V541' 'V542') then "Extended care code"
406                                when 'E800' <= substr(A.dx, 1, 4) <= 'E848' or
407                                     'E881' <= substr(A.dx, 1, 4) <= 'E884' or
408                                     'E908' <= substr(A.dx, 1, 4) <= 'E909' or
409                                     'E916' <= substr(A.dx, 1, 4) <= 'E928'
410                                  then "Trauma code"
411                                else ""
412                                end as diagCodeType;
413        %let where2 = where A.dx_type = "09" & A.enc_type in ("IP", "AV", "ED", "NH", "HH") & ^missing(calculated diagCodeType);
414        %let selectfrom3 = select * from DT.indexLookup;
415        
416        %include "lib\buildDx.sas";  /* Call script to query ICD-9 diagnosis codes */
NOTE: Table UCB.TEMPLOOKUPMPCD created, with 4353 rows and 13 columns.

NOTE: Table UCB.TEMP0710 created, with 1649572 rows and 11 columns.

NOTE: Table UCB.TEMPFRACDXMPCD created, with 3831 rows and 25 columns.

NOTE: Table UCB.TEMP0710 has been dropped.
NOTE: Table UCB.TEMPLOOKUPMARKETSCAN created, with 18413 rows and 13 columns.

NOTE: Parallel WHERE evaluation suppressed due to sort order on table.
NOTE: Table UCB.TEMP10 created, with 1265389 rows and 11 columns.

NOTE: Parallel WHERE evaluation suppressed due to sort order on table.
NOTE: Table UCB.TEMP11 created, with 1570425 rows and 11 columns.

NOTE: Parallel WHERE evaluation suppressed due to sort order on table.
NOTE: Table UCB.TEMP12 created, with 1809683 rows and 11 columns.

7                                                                   The SAS System                                    17:16 Monday, September 11, 2017

NOTE: Parallel WHERE evaluation suppressed due to sort order on table.
NOTE: Table UCB.TEMP13 created, with 1663844 rows and 11 columns.

NOTE: Parallel WHERE evaluation suppressed due to sort order on table.
NOTE: Table UCB.TEMP14 created, with 1824609 rows and 11 columns.

NOTE: Table UCB.TEMPFRACDXUCB created, with 10475 rows and 25 columns.

NOTE: Table UCB.TEMP10 has been dropped.
NOTE: Table UCB.TEMP11 has been dropped.
NOTE: Table UCB.TEMP12 has been dropped.
NOTE: Table UCB.TEMP13 has been dropped.
NOTE: Table UCB.TEMP14 has been dropped.
NOTE: Table UCB.TEMPLOOKUPMEDICARE created, with 37244 rows and 13 columns.

NOTE: Table UCB.TEMP06 created, with 656299 rows and 11 columns.

NOTE: Table UCB.TEMP07 created, with 736455 rows and 11 columns.

NOTE: Table UCB.TEMP08 created, with 777750 rows and 11 columns.

NOTE: Table UCB.TEMP09 created, with 839584 rows and 11 columns.

NOTE: Table UCB.TEMP10 created, with 1143221 rows and 11 columns.

NOTE: Table UCB.TEMP11 created, with 1556455 rows and 11 columns.

NOTE: Table UCB.TEMP12 created, with 1482270 rows and 11 columns.

NOTE: Table UCB.TEMP13 created, with 2819329 rows and 11 columns.

NOTE: Table UCB.TEMP14 created, with 3343029 rows and 11 columns.

NOTE: Table UCB.TEMPFRACDXSABR created, with 141154 rows and 25 columns.

NOTE: Table UCB.TEMP06 has been dropped.
NOTE: Table UCB.TEMP07 has been dropped.
NOTE: Table UCB.TEMP08 has been dropped.
NOTE: Table UCB.TEMP09 has been dropped.
NOTE: Table UCB.TEMP10 has been dropped.
NOTE: Table UCB.TEMP11 has been dropped.
NOTE: Table UCB.TEMP12 has been dropped.
NOTE: Table UCB.TEMP13 has been dropped.
NOTE: Table UCB.TEMP14 has been dropped.
NOTE: PROCEDURE SQL used (Total process time):
      real time           1:05:55.18
      cpu time            1:43:49.86
      

474        
475        %let select1 = select A.*,
476                              B.encounterID, B.admit_date, B.begin_date, B.discharge_date, B.end_date, B.px_date, B.px_type, B.px,
477                              case
478                                when B.px_type = "09" then "ICD9-PX"
479                                when B.px_type = "C1" | ^anyalpha(strip(B.px)) then "CPT"
480                                when B.px_type = "H1" & anyalpha(substr(strip(B.px), 1, 1)) & ^anyalpha(strip(B.px), 2) then "HCPCS"
481                                else ""
482                                end as codeType,
483                              B.px as code;
484        %let select2 = select patid, encounterID, admit_date, begin_date, discharge_date, end_date, px_date, px_type, px;
485        
486        %include "lib\buildPx.sas";  /* Call script to query procedure codes */
NOTE: Table UCB.TEMP0710 created, with 346484578 rows and 9 columns.

NOTE: Table UCB.TEMPFRACPXMPCD created, with 880584 rows and 23 columns.

NOTE: Table UCB.TEMP0710 has been dropped.
NOTE: Table UCB.TEMP10 created, with 391592729 rows and 9 columns.

NOTE: Table UCB.TEMP11 created, with 491685366 rows and 9 columns.

NOTE: Table UCB.TEMP12 created, with 578756109 rows and 9 columns.
8                                                                   The SAS System                                    17:16 Monday, September 11, 2017


NOTE: Table UCB.TEMP13 created, with 524982991 rows and 9 columns.

NOTE: Table UCB.TEMP14 created, with 562542993 rows and 9 columns.

NOTE: Table UCB.TEMPFRACPXUCB created, with 4303767 rows and 23 columns.

NOTE: Table UCB.TEMP10 has been dropped.
NOTE: Table UCB.TEMP11 has been dropped.
NOTE: Table UCB.TEMP12 has been dropped.
NOTE: Table UCB.TEMP13 has been dropped.
NOTE: Table UCB.TEMP14 has been dropped.
NOTE: Table UCB.TEMP06 created, with 168021311 rows and 9 columns.

NOTE: Table UCB.TEMP07 created, with 184413125 rows and 9 columns.

NOTE: Table UCB.TEMP08 created, with 195342614 rows and 9 columns.

NOTE: Table UCB.TEMP09 created, with 201608393 rows and 9 columns.

NOTE: Table UCB.TEMP10 created, with 224496201 rows and 9 columns.

NOTE: Table UCB.TEMP11 created, with 246477259 rows and 9 columns.

NOTE: Table UCB.TEMP12 created, with 310647729 rows and 9 columns.

NOTE: Table UCB.TEMP13 created, with 447988736 rows and 9 columns.

NOTE: Table UCB.TEMP14 created, with 535737236 rows and 9 columns.

NOTE: Table UCB.TEMPFRACPXSABR created, with 30790932 rows and 23 columns.

NOTE: Table UCB.TEMP06 has been dropped.
NOTE: Table UCB.TEMP07 has been dropped.
NOTE: Table UCB.TEMP08 has been dropped.
NOTE: Table UCB.TEMP09 has been dropped.
NOTE: Table UCB.TEMP10 has been dropped.
NOTE: Table UCB.TEMP11 has been dropped.
NOTE: Table UCB.TEMP12 has been dropped.
NOTE: Table UCB.TEMP13 has been dropped.
NOTE: Table UCB.TEMP14 has been dropped.
NOTE: PROCEDURE SQL used (Total process time):
      real time           3:13:50.15
      cpu time            2:02:44.12
      

541        
542        
543        
544        
545        ods html close;
NOTE: SAS Institute Inc., SAS Campus Drive, Cary, NC USA 27513-2414
NOTE: The SAS System used:
      real time           13:32:00.89
      cpu time            10:30:29.61
      
