1                                         The SAS System                17:43 Monday, May 21, 2018

NOTE: Copyright (c) 2016 by SAS Institute Inc., Cary, NC, USA. 
NOTE: SAS (r) Proprietary Software 9.4 (TS1M5) 
      Licensed to UNIVERSITY OF ALABAMA AT BIRMINGHAM - SFA - T&R, Site 70086550.
NOTE: This session is executing on the X64_DS08R2  platform.



NOTE: Updated analytical products:
      
      SAS/STAT 14.3
      SAS/ETS 14.3
      SAS/IML 14.3
      SAS/QC 14.3

NOTE: Additional host information:

 X64_DS08R2 WIN 6.1.7601 Service Pack 1 Server

--- PEER News and Updates ---

: SECURITY REMINDER :
Please remember not to copy any data files that contain PHI (protected health identifiers) to any 
of the shared folders.

 


NOTE: SAS initialization used:
      real time           4.53 seconds
      cpu time            0.26 seconds
      
1          *  University of Alabama at Birmingham                               *
2          *  AS project                                            *
3          **********************************************************************;
4          options pagesize=74 linesize=150 pageno=1 missing=' ' date FORMCHAR="|----|+|---+=|-/\<>*";
5          * Programmer    : Benjamin Chan <chanb@ohsu.edu>
6          * Creation date :
7          * Modify date   :
8          ;
9          %let cmt=buildControlLookup; * type the name of your program here (without the filename extension);
10         %let pgm=&cmt..sas;
11         %include "lib\libname.sas" ;
NOTE: Libref STDC5P was successfully assigned as follows: 
      Engine:        SPDE 
      Physical Name: H:\studies\osteo\data\STD_files\5pct\
NOTE: Libref STD_SABR was successfully assigned as follows: 
      Engine:        SPDE 
      Physical Name: q:\data\std_SABER\
NOTE: Libref MPSTD was successfully assigned as follows: 
      Engine:        SPDE 
      Physical Name: q:\studies\mpcd\data\stddata\
NOTE: Libref UCBSTD was successfully assigned as follows: 
      Engine:        SPDE 
      Physical Name: q:\studies\AS\data\stddata\
NOTE: Libref UCB was successfully assigned as follows: 
      Engine:        SPDE 
      Physical Name: q:\studies\AS\data\UCB\
NOTE: Libref DT was successfully assigned as follows: 
      Engine:        V9 
      Physical Name: V:\studies\AS\data
NOTE: Libref NDC was successfully assigned as follows: 
      Engine:        V9 
      Physical Name: W:\onenote\references\drug ndcs\sas data
128        footnote "&pgm.";
129        * footnote2 "%sysfunc(datetime(),datetime14.)";
130        title1 '--- AS project ---';
131        **********************************************************************;
132        options macrogen mlogic mprint symbolgen;
133        options nomacrogen nomlogic nomprint nosymbolgen;
134        
135        
136        ods html
2                                                                   The SAS System                                          17:43 Monday, May 21, 2018

137          body = "output\&cmt..html"
138          style = Statistical;
NOTE: Writing HTML Body file: output\buildControlLookup.html
139        
140        
141        %let var = patid, indexDate, age, sex, enr_start_date, enr_end_date;
142        proc sql;
143          create table DT.controlLookup AS
144            select "MPCD"       as database, "Non-AS" as cohort, &var from UCB.cntlCohortStdMPCD union corr
145            select "Medicare"   as database, "Non-AS" as cohort, &var from UCB.cntlCohortStdC5PN ;
NOTE: Data set UCB.CNTLCOHORTSTDMPCD is in a format that is native to another host. Cross Environment Data Access will be used. This will require 
      additional CPU resources and may reduce performance.
NOTE: Table DT.CONTROLLOOKUP created, with 2993875 rows and 8 columns.

146          alter table DT.controlLookup add controlID numeric;
NOTE: Table DT.CONTROLLOOKUP has been modified, with 9 columns.
147          update DT.controlLookup
148            set controlID = monotonic();
NOTE: 2993875 rows were updated in DT.CONTROLLOOKUP.

149        quit;
NOTE: PROCEDURE SQL used (Total process time):
      real time           7.51 seconds
      cpu time            10.46 seconds
      

150        
151        proc sort data = DT.controlLookup nodupkey;
152          by database cohort patid indexDate;
153        run;

NOTE: There were 2993875 observations read from the data set DT.CONTROLLOOKUP.
NOTE: 0 observations with duplicate key values were deleted.
NOTE: The data set DT.CONTROLLOOKUP has 2993875 observations and 9 variables.
NOTE: PROCEDURE SORT used (Total process time):
      real time           1.35 seconds
      cpu time            4.38 seconds
      

154        
155        proc sql;
156          select database,
157                 cohort,
158                 . < ENR_START_DATE < indexDate as indIndexAfterEnr,
159                 count(distinct patid) format = comma12.0 as countDistinctPatid,
160                 count(distinct controlID) format = comma12.0 as countDistinctID,
161                 count(*) format = comma12.0 as countRows,
162                 min(indexDate - ENR_START_DATE) as minDaysFromEnrToIndex,
163                 max(indexDate - ENR_START_DATE) as maxDaysFromEnrToIndex
164            from DT.controlLookup
165            group by database, cohort, calculated indIndexAfterEnr;
                                                                  --- AS project ---                                    17:43 Monday, May 21, 2018   1

                                                                count
                                               indIndex      Distinct         count                 minDaysFrom   maxDaysFrom
                         database  cohort      AfterEnr         Patid    DistinctID     countRows    EnrToIndex    EnrToIndex
                         ----------------------------------------------------------------------------------------------------
                         MPCD      Non-AS             1     1,139,225     1,139,225     1,139,225           183           183
                         Medicare  Non-AS             1     1,854,650     1,854,650     1,854,650           183           183
 
 
 
 
 
 
 
 
 
 
 
 
 
 
 
 
 
 
 
 
 
 
 
 
 
 
 
 
 
 
 
 
 
 
 
 
 
 
 
 
 
 
 
 
 
 
 
 
 
 
 
 
 
 
 
 
 
 
 
 
 
 
 
 
 
                                                                buildControlLookup.sas
166        quit;
NOTE: The PROCEDURE SQL printed page 1.
NOTE: PROCEDURE SQL used (Total process time):
      real time           5.63 seconds
      cpu time            7.52 seconds
      

167        
168        
169        ods html close;
NOTE: SAS Institute Inc., SAS Campus Drive, Cary, NC USA 27513-2414
NOTE: The SAS System used:
      real time           30.87 seconds
      cpu time            23.08 seconds
      
