1                                                          The SAS System                            16:50 Friday, September 8, 2017

NOTE: Copyright (c) 2002-2012 by SAS Institute Inc., Cary, NC, USA. 
NOTE: SAS (r) Proprietary Software 9.4 (TS1M1) 
      Licensed to UNIVERSITY OF ALABAMA AT BIRMINGHAM - SFA - T&R, Site 70058223.
NOTE: This session is executing on the W32_ES08R2  platform.



NOTE: Updated analytical products:
      
      SAS/STAT 13.1
      SAS/ETS 13.1
      SAS/OR 13.1
      SAS/IML 13.1
      SAS/QC 13.1

NOTE: Additional host information:

 W32_ES08R2 WIN 6.1.7601 Service Pack 1 Server

--- PEER News and Updates ---

: SECURITY REMINDER :
Please remember not to copy any data files that contain PHI (protected health identifiers) to any of the shared folders.

 


NOTE: SAS initialization used:
      real time           0.73 seconds
      cpu time            0.15 seconds
      
1          *  University of Alabama at Birmingham                               *
2          *  AS project                                            *
3          **********************************************************************;
4          options pagesize=74 linesize=150 pageno=1 missing=' ' date FORMCHAR="|----|+|---+=|-/\<>*";
5          * Programmer    : Benjamin Chan <chanb@ohsu.edu>
6          * Creation date :
7          * Modify date   :
8          ;
9          %let cmt=contentsSourceDatasets; * type the name of your program here (without the filename extension);
10         %let pgm=&cmt..sas;
11         %include "lib\libname.sas" ;
NOTE: Libref STDC5P was successfully assigned as follows: 
      Engine:        SPDE 
      Physical Name: H:\studies\osteo\data\STD_files\5pct\
NOTE: Libref STD_SABR was successfully assigned as follows: 
      Engine:        SPDE 
      Physical Name: q:\data\std_SABER\
NOTE: Libref MPSTD was successfully assigned as follows: 
      Engine:        SPDE 
      Physical Name: h:\studies\mpcd\data\stddata\
NOTE: Libref UCBSTD was successfully assigned as follows: 
      Engine:        SPDE 
      Physical Name: q:\studies\AS\data\stddata\
NOTE: Libref UCB was successfully assigned as follows: 
      Engine:        SPDE 
      Physical Name: q:\studies\AS\data\UCB\
NOTE: Libref DT was successfully assigned as follows: 
      Engine:        V9 
      Physical Name: V:\studies\AS\data
92         footnote "&pgm.";
93         * footnote2 "%sysfunc(datetime(),datetime14.)";
94         title1 '--- AS project ---';
95         **********************************************************************;
96         options macrogen mlogic mprint symbolgen;
97         options nomacrogen nomlogic nomprint nosymbolgen;
98         
99         
100        
101        ods html
102          body = "output\&cmt..html"
103          style = Statistical;
2                                                                   The SAS System                                     16:50 Friday, September 8, 2017

NOTE: Writing HTML Body file: output\contentsSourceDatasets.html
104        
105        
106        %macro exportContents;
107          proc sql;
108            create table Work.libs (libname varchar(8), desc varchar(20), yearRange varchar(9), note varchar(80));
109            insert into Work.libs
110              values ("ccw5std", "Medicare 5% Sample", "2006-2014", "Data can track back to 1999, but only use from 2006 in this project")
111              values ("std_SABR", "Medicare SABER2", "2006-2014", "Standardization data are in server 1 in SAS lib Std_sabr")
112              values ("MPSTD", "MPCD", "2007-2010", "Only RA(SP) & Healthy(CP2) population from 'Commercial' (eg. not Medicaid) coverage
112      ! included)")
113              values ("UCBSTD", "MarketScan", "2010-2014", "");
114          quit;
115          %do i = 1 %to 4;
116            data _null_;
117              set Work.libs;
118              if _n_ = &i then call symput ("lib", strip(libname));
119            run;
120            proc contents data = &lib.._all_ order = varnum out = Work.contents_&lib;
121            run;
122            proc export
123              data = Work.contents_&lib
124              outfile = "data\processed\contentsSourceDatasets_&lib..csv"
125              dbms = csv
126              replace;
127              delimiter = ",";
128            run;
129          %end;
130        %mend;
131        
132        %exportContents;
NOTE: Table WORK.LIBS created, with 0 rows and 4 columns.
WARNING: Character expression will be truncated when assigned to character column note.
NOTE: 4 rows were inserted into WORK.LIBS.

NOTE: PROCEDURE SQL used (Total process time):
      real time           0.10 seconds
      cpu time            0.01 seconds
      


NOTE: There were 4 observations read from the data set WORK.LIBS.
NOTE: DATA statement used (Total process time):
      real time           0.03 seconds
      cpu time            0.00 seconds
      


ERROR: Libref CCW5STD is not assigned.
NOTE: Statements not processed because of errors noted above.
NOTE: The data set WORK.CONTENTS_CCW5STD has 0 observations and 41 variables.
NOTE: PROCEDURE CONTENTS used (Total process time):
      real time           0.04 seconds
      cpu time            0.03 seconds
      
NOTE: The SAS System stopped processing this step because of errors.
NOTE: SAS set option OBS=0 and will continue to check statements. This might cause NOTE: No observations in data set.

NOTE: PROCEDURE EXPORT used (Total process time):
      real time           0.00 seconds
      cpu time            0.00 seconds
      

NOTE: Line generated by the invoked macro "EXPORTCONTENTS".
132                                                                                                                 delimiter = ",";
                                                                                                                    _________
                                                                                                                    180

ERROR 180-322: Statement is not valid or it is used out of proper order.


NOTE: DATA statement used (Total process time):
3                                                                   The SAS System                                     16:50 Friday, September 8, 2017

      real time           0.00 seconds
      cpu time            0.00 seconds
      


ERROR: Libref CCW5STD is not assigned.
NOTE: Statements not processed because of errors noted above.
NOTE: The data set WORK.CONTENTS_CCW5STD has 0 observations and 41 variables.
NOTE: PROCEDURE CONTENTS used (Total process time):
      real time           0.00 seconds
      cpu time            0.00 seconds
      
NOTE: The SAS System stopped processing this step because of errors.

NOTE: PROCEDURE EXPORT used (Total process time):
      real time           0.00 seconds
      cpu time            0.00 seconds
      

NOTE: Line generated by the invoked macro "EXPORTCONTENTS".
132                                                                                                                 delimiter = ",";
                                                                                                                    _________
                                                                                                                    180

ERROR 180-322: Statement is not valid or it is used out of proper order.


NOTE: DATA statement used (Total process time):
      real time           0.00 seconds
      cpu time            0.00 seconds
      


ERROR: Libref CCW5STD is not assigned.
NOTE: Statements not processed because of errors noted above.
NOTE: The data set WORK.CONTENTS_CCW5STD has 0 observations and 41 variables.
NOTE: PROCEDURE CONTENTS used (Total process time):
      real time           0.01 seconds
      cpu time            0.00 seconds
      
NOTE: The SAS System stopped processing this step because of errors.

NOTE: PROCEDURE EXPORT used (Total process time):
      real time           0.00 seconds
      cpu time            0.00 seconds
      

NOTE: Line generated by the invoked macro "EXPORTCONTENTS".
132                                                                                                                 delimiter = ",";
                                                                                                                    _________
                                                                                                                    180

ERROR 180-322: Statement is not valid or it is used out of proper order.


NOTE: DATA statement used (Total process time):
      real time           0.00 seconds
      cpu time            0.00 seconds
      


ERROR: Libref CCW5STD is not assigned.
NOTE: Statements not processed because of errors noted above.
NOTE: The data set WORK.CONTENTS_CCW5STD has 0 observations and 41 variables.
NOTE: PROCEDURE CONTENTS used (Total process time):
      real time           0.00 seconds
      cpu time            0.00 seconds
      
NOTE: The SAS System stopped processing this step because of errors.

NOTE: PROCEDURE EXPORT used (Total process time):
      real time           0.00 seconds
4                                                                   The SAS System                                     16:50 Friday, September 8, 2017

      cpu time            0.00 seconds
      

NOTE: Line generated by the invoked macro "EXPORTCONTENTS".
132                                                                                                                 delimiter = ",";
                                                                                                                    _________
                                                                                                                    180

ERROR 180-322: Statement is not valid or it is used out of proper order.

133        
134        
135        proc export
NOTE: PROCEDURE EXPORT used (Total process time):
      real time           0.00 seconds
      cpu time            0.00 seconds
      
136          data = Work.libs
137          outfile = "data\processed\contentsSourceDatasets.csv"
138          dbms = csv
139          replace;

140          delimiter = ",";
             _________
             180

ERROR 180-322: Statement is not valid or it is used out of proper order.

141        run;
142        
143        
144        
145        ods html close;
ERROR: Errors printed on pages 2,3,4.

NOTE: SAS Institute Inc., SAS Campus Drive, Cary, NC USA 27513-2414
NOTE: The SAS System used:
      real time           4.03 seconds
      cpu time            0.45 seconds
      
