1                                                          The SAS System                            08:38 Tuesday, November 7, 2017

NOTE: Copyright (c) 2002-2012 by SAS Institute Inc., Cary, NC, USA. 
NOTE: SAS (r) Proprietary Software 9.4 (TS1M1) 
      Licensed to UNIVERSITY OF ALABAMA AT BIRMINGHAM - SFA - T&R, Site 70058223.
NOTE: This session is executing on the W32_ES08R2  platform.



NOTE: Updated analytical products:
      
      SAS/STAT 13.1
      SAS/ETS 13.1
      SAS/OR 13.1
      SAS/IML 13.1
      SAS/QC 13.1

NOTE: Additional host information:

 W32_ES08R2 WIN 6.1.7601 Service Pack 1 Server

--- PEER News and Updates ---

: SECURITY REMINDER :
Please remember not to copy any data files that contain PHI (protected health identifiers) to any of the shared folders.

 


NOTE: SAS initialization used:
      real time           0.20 seconds
      cpu time            0.12 seconds
      
1          *  University of Alabama at Birmingham                               *
2          *  AS project                                            *
3          **********************************************************************;
4          options pagesize=74 linesize=150 pageno=1 missing=' ' date FORMCHAR="|----|+|---+=|-/\<>*";
5          * Programmer    : Benjamin Chan <chanb@ohsu.edu>
6          * Creation date :
7          * Modify date   :
8          ;
9          %let cmt=contentsWorkingDatasets; * type the name of your program here (without the filename extension);
10         %let pgm=&cmt..sas;
11         %include "lib\libname.sas" ;
NOTE: Libref STDC5P was successfully assigned as follows: 
      Engine:        SPDE 
      Physical Name: H:\studies\osteo\data\STD_files\5pct\
NOTE: Libref STD_SABR was successfully assigned as follows: 
      Engine:        SPDE 
      Physical Name: q:\data\std_SABER\
NOTE: Libref MPSTD was successfully assigned as follows: 
      Engine:        SPDE 
      Physical Name: h:\studies\mpcd\data\stddata\
NOTE: Libref UCBSTD was successfully assigned as follows: 
      Engine:        SPDE 
      Physical Name: q:\studies\AS\data\stddata\
NOTE: Libref UCB was successfully assigned as follows: 
      Engine:        SPDE 
      Physical Name: q:\studies\AS\data\UCB\
NOTE: Libref DT was successfully assigned as follows: 
      Engine:        V9 
      Physical Name: V:\studies\AS\data
NOTE: Libref NDC was successfully assigned as follows: 
      Engine:        V9 
      Physical Name: W:\onenote\references\drug ndcs\sas data
127        footnote "&pgm.";
128        * footnote2 "%sysfunc(datetime(),datetime14.)";
129        title1 '--- AS project ---';
130        **********************************************************************;
131        options macrogen mlogic mprint symbolgen;
132        options nomacrogen nomlogic nomprint nosymbolgen;
133        
134        
135        
2                                                                   The SAS System                                     08:38 Tuesday, November 7, 2017

136        ods html
137          body = "output\&cmt..html"
138          style = Statistical;
NOTE: Writing HTML Body file: output\contentsWorkingDatasets.html
139        
140        
141        data Work.WorkingDatasets;
142          length lib $8 mem $40;
143          input lib mem;
144          dataset = strip(lib) || "." || strip(mem);
145          call symput ("n", put(_n_, best8.));
146          cards;

NOTE: The data set WORK.WORKINGDATASETS has 42 observations and 3 variables.
NOTE: DATA statement used (Total process time):
      real time           0.04 seconds
      cpu time            0.01 seconds
      

189          ;
190        run;
191        proc sort data = Work.WorkingDatasets;
192          by lib mem;
193        run;

NOTE: There were 42 observations read from the data set WORK.WORKINGDATASETS.
NOTE: The data set WORK.WORKINGDATASETS has 42 observations and 3 variables.
NOTE: PROCEDURE SORT used (Total process time):
      real time           0.04 seconds
      cpu time            0.00 seconds
      

194        
195        
196        %macro contents;
197          %let list = ;
198          %do i = 1 %to &n;
199            data _null_;
200              set Work.WorkingDatasets;
201              if _n_ = &i then call symput ("dataset", dataset);
202            run;
203            proc contents data = &dataset order = varnum out = Work.contents&i noprint;
204            run;
205            %let list = &list Work.contents&i;
206          %end;
207          data Work.contentsAll;
208            set &list;
209          run;
210        %mend contents;
211        
212        %contents;

NOTE: There were 42 observations read from the data set WORK.WORKINGDATASETS.
NOTE: DATA statement used (Total process time):
      real time           0.00 seconds
      cpu time            0.00 seconds
      


NOTE: The data set WORK.CONTENTS1 has 17 observations and 41 variables.
NOTE: PROCEDURE CONTENTS used (Total process time):
      real time           0.10 seconds
      cpu time            0.03 seconds
      


NOTE: There were 42 observations read from the data set WORK.WORKINGDATASETS.
NOTE: DATA statement used (Total process time):
      real time           0.00 seconds
      cpu time            0.00 seconds
      

3                                                                   The SAS System                                     08:38 Tuesday, November 7, 2017


NOTE: The data set WORK.CONTENTS2 has 13 observations and 41 variables.
NOTE: PROCEDURE CONTENTS used (Total process time):
      real time           0.11 seconds
      cpu time            0.01 seconds
      


NOTE: There were 42 observations read from the data set WORK.WORKINGDATASETS.
NOTE: DATA statement used (Total process time):
      real time           0.00 seconds
      cpu time            0.00 seconds
      


NOTE: The data set WORK.CONTENTS3 has 9 observations and 41 variables.
NOTE: PROCEDURE CONTENTS used (Total process time):
      real time           0.09 seconds
      cpu time            0.00 seconds
      


NOTE: There were 42 observations read from the data set WORK.WORKINGDATASETS.
NOTE: DATA statement used (Total process time):
      real time           0.00 seconds
      cpu time            0.00 seconds
      


NOTE: The data set WORK.CONTENTS4 has 13 observations and 41 variables.
NOTE: PROCEDURE CONTENTS used (Total process time):
      real time           0.26 seconds
      cpu time            0.07 seconds
      


NOTE: There were 42 observations read from the data set WORK.WORKINGDATASETS.
NOTE: DATA statement used (Total process time):
      real time           0.00 seconds
      cpu time            0.00 seconds
      


NOTE: The data set WORK.CONTENTS5 has 11 observations and 41 variables.
NOTE: PROCEDURE CONTENTS used (Total process time):
      real time           0.06 seconds
      cpu time            0.01 seconds
      


NOTE: There were 42 observations read from the data set WORK.WORKINGDATASETS.
NOTE: DATA statement used (Total process time):
      real time           0.00 seconds
      cpu time            0.00 seconds
      


NOTE: The data set WORK.CONTENTS6 has 9 observations and 41 variables.
NOTE: PROCEDURE CONTENTS used (Total process time):
      real time           0.28 seconds
      cpu time            0.09 seconds
      


NOTE: There were 42 observations read from the data set WORK.WORKINGDATASETS.
NOTE: DATA statement used (Total process time):
      real time           0.00 seconds
      cpu time            0.00 seconds
      


NOTE: The data set WORK.CONTENTS7 has 6 observations and 41 variables.
4                                                                   The SAS System                                     08:38 Tuesday, November 7, 2017

NOTE: PROCEDURE CONTENTS used (Total process time):
      real time           0.07 seconds
      cpu time            0.00 seconds
      


NOTE: There were 42 observations read from the data set WORK.WORKINGDATASETS.
NOTE: DATA statement used (Total process time):
      real time           0.01 seconds
      cpu time            0.01 seconds
      


NOTE: The data set WORK.CONTENTS8 has 11 observations and 41 variables.
NOTE: PROCEDURE CONTENTS used (Total process time):
      real time           0.09 seconds
      cpu time            0.00 seconds
      


NOTE: There were 42 observations read from the data set WORK.WORKINGDATASETS.
NOTE: DATA statement used (Total process time):
      real time           0.00 seconds
      cpu time            0.00 seconds
      


NOTE: The data set WORK.CONTENTS9 has 33 observations and 41 variables.
NOTE: PROCEDURE CONTENTS used (Total process time):
      real time           0.06 seconds
      cpu time            0.03 seconds
      


NOTE: There were 42 observations read from the data set WORK.WORKINGDATASETS.
NOTE: DATA statement used (Total process time):
      real time           0.00 seconds
      cpu time            0.00 seconds
      


NOTE: The data set WORK.CONTENTS10 has 33 observations and 41 variables.
NOTE: PROCEDURE CONTENTS used (Total process time):
      real time           0.10 seconds
      cpu time            0.01 seconds
      


NOTE: There were 42 observations read from the data set WORK.WORKINGDATASETS.
NOTE: DATA statement used (Total process time):
      real time           0.00 seconds
      cpu time            0.00 seconds
      


NOTE: The data set WORK.CONTENTS11 has 31 observations and 41 variables.
NOTE: PROCEDURE CONTENTS used (Total process time):
      real time           0.06 seconds
      cpu time            0.00 seconds
      


NOTE: There were 42 observations read from the data set WORK.WORKINGDATASETS.
NOTE: DATA statement used (Total process time):
      real time           0.00 seconds
      cpu time            0.00 seconds
      


NOTE: The data set WORK.CONTENTS12 has 17 observations and 41 variables.
NOTE: PROCEDURE CONTENTS used (Total process time):
      real time           0.09 seconds
5                                                                   The SAS System                                     08:38 Tuesday, November 7, 2017

      cpu time            0.06 seconds
      


NOTE: There were 42 observations read from the data set WORK.WORKINGDATASETS.
NOTE: DATA statement used (Total process time):
      real time           0.00 seconds
      cpu time            0.00 seconds
      


NOTE: The data set WORK.CONTENTS13 has 13 observations and 41 variables.
NOTE: PROCEDURE CONTENTS used (Total process time):
      real time           0.18 seconds
      cpu time            0.01 seconds
      


NOTE: There were 42 observations read from the data set WORK.WORKINGDATASETS.
NOTE: DATA statement used (Total process time):
      real time           0.00 seconds
      cpu time            0.00 seconds
      


NOTE: The data set WORK.CONTENTS14 has 17 observations and 41 variables.
NOTE: PROCEDURE CONTENTS used (Total process time):
      real time           0.06 seconds
      cpu time            0.00 seconds
      


NOTE: There were 42 observations read from the data set WORK.WORKINGDATASETS.
NOTE: DATA statement used (Total process time):
      real time           0.00 seconds
      cpu time            0.00 seconds
      


NOTE: The data set WORK.CONTENTS15 has 11 observations and 41 variables.
NOTE: PROCEDURE CONTENTS used (Total process time):
      real time           0.07 seconds
      cpu time            0.00 seconds
      


NOTE: There were 42 observations read from the data set WORK.WORKINGDATASETS.
NOTE: DATA statement used (Total process time):
      real time           0.00 seconds
      cpu time            0.00 seconds
      


NOTE: The data set WORK.CONTENTS16 has 12 observations and 41 variables.
NOTE: PROCEDURE CONTENTS used (Total process time):
      real time           0.06 seconds
      cpu time            0.00 seconds
      


NOTE: There were 42 observations read from the data set WORK.WORKINGDATASETS.
NOTE: DATA statement used (Total process time):
      real time           0.00 seconds
      cpu time            0.00 seconds
      


NOTE: The data set WORK.CONTENTS17 has 12 observations and 41 variables.
NOTE: PROCEDURE CONTENTS used (Total process time):
      real time           0.07 seconds
      cpu time            0.01 seconds
      
6                                                                   The SAS System                                     08:38 Tuesday, November 7, 2017



NOTE: There were 42 observations read from the data set WORK.WORKINGDATASETS.
NOTE: DATA statement used (Total process time):
      real time           0.00 seconds
      cpu time            0.00 seconds
      


NOTE: The data set WORK.CONTENTS18 has 11 observations and 41 variables.
NOTE: PROCEDURE CONTENTS used (Total process time):
      real time           0.07 seconds
      cpu time            0.00 seconds
      


NOTE: There were 42 observations read from the data set WORK.WORKINGDATASETS.
NOTE: DATA statement used (Total process time):
      real time           0.00 seconds
      cpu time            0.00 seconds
      


NOTE: The data set WORK.CONTENTS19 has 12 observations and 41 variables.
NOTE: PROCEDURE CONTENTS used (Total process time):
      real time           0.07 seconds
      cpu time            0.00 seconds
      


NOTE: There were 42 observations read from the data set WORK.WORKINGDATASETS.
NOTE: DATA statement used (Total process time):
      real time           0.00 seconds
      cpu time            0.00 seconds
      


NOTE: The data set WORK.CONTENTS20 has 12 observations and 41 variables.
NOTE: PROCEDURE CONTENTS used (Total process time):
      real time           0.06 seconds
      cpu time            0.00 seconds
      


NOTE: There were 42 observations read from the data set WORK.WORKINGDATASETS.
NOTE: DATA statement used (Total process time):
      real time           0.00 seconds
      cpu time            0.00 seconds
      


NOTE: The data set WORK.CONTENTS21 has 11 observations and 41 variables.
NOTE: PROCEDURE CONTENTS used (Total process time):
      real time           0.07 seconds
      cpu time            0.01 seconds
      


NOTE: There were 42 observations read from the data set WORK.WORKINGDATASETS.
NOTE: DATA statement used (Total process time):
      real time           0.00 seconds
      cpu time            0.00 seconds
      


NOTE: The data set WORK.CONTENTS22 has 12 observations and 41 variables.
NOTE: PROCEDURE CONTENTS used (Total process time):
      real time           0.06 seconds
      cpu time            0.00 seconds
      


7                                                                   The SAS System                                     08:38 Tuesday, November 7, 2017

NOTE: There were 42 observations read from the data set WORK.WORKINGDATASETS.
NOTE: DATA statement used (Total process time):
      real time           0.00 seconds
      cpu time            0.00 seconds
      


NOTE: The data set WORK.CONTENTS23 has 12 observations and 41 variables.
NOTE: PROCEDURE CONTENTS used (Total process time):
      real time           0.06 seconds
      cpu time            0.01 seconds
      


NOTE: There were 42 observations read from the data set WORK.WORKINGDATASETS.
NOTE: DATA statement used (Total process time):
      real time           0.00 seconds
      cpu time            0.00 seconds
      


NOTE: The data set WORK.CONTENTS24 has 11 observations and 41 variables.
NOTE: PROCEDURE CONTENTS used (Total process time):
      real time           0.07 seconds
      cpu time            0.01 seconds
      


NOTE: There were 42 observations read from the data set WORK.WORKINGDATASETS.
NOTE: DATA statement used (Total process time):
      real time           0.00 seconds
      cpu time            0.00 seconds
      


NOTE: The data set WORK.CONTENTS25 has 12 observations and 41 variables.
NOTE: PROCEDURE CONTENTS used (Total process time):
      real time           0.06 seconds
      cpu time            0.00 seconds
      


NOTE: There were 42 observations read from the data set WORK.WORKINGDATASETS.
NOTE: DATA statement used (Total process time):
      real time           0.00 seconds
      cpu time            0.00 seconds
      


NOTE: The data set WORK.CONTENTS26 has 12 observations and 41 variables.
NOTE: PROCEDURE CONTENTS used (Total process time):
      real time           0.06 seconds
      cpu time            0.00 seconds
      


NOTE: There were 42 observations read from the data set WORK.WORKINGDATASETS.
NOTE: DATA statement used (Total process time):
      real time           0.00 seconds
      cpu time            0.00 seconds
      


NOTE: The data set WORK.CONTENTS27 has 7 observations and 41 variables.
NOTE: PROCEDURE CONTENTS used (Total process time):
      real time           0.06 seconds
      cpu time            0.00 seconds
      


NOTE: There were 42 observations read from the data set WORK.WORKINGDATASETS.
NOTE: DATA statement used (Total process time):
8                                                                   The SAS System                                     08:38 Tuesday, November 7, 2017

      real time           0.00 seconds
      cpu time            0.00 seconds
      


NOTE: The data set WORK.CONTENTS28 has 6 observations and 41 variables.
NOTE: PROCEDURE CONTENTS used (Total process time):
      real time           0.06 seconds
      cpu time            0.00 seconds
      


NOTE: There were 42 observations read from the data set WORK.WORKINGDATASETS.
NOTE: DATA statement used (Total process time):
      real time           0.00 seconds
      cpu time            0.00 seconds
      


NOTE: The data set WORK.CONTENTS29 has 9 observations and 41 variables.
NOTE: PROCEDURE CONTENTS used (Total process time):
      real time           0.07 seconds
      cpu time            0.01 seconds
      


NOTE: There were 42 observations read from the data set WORK.WORKINGDATASETS.
NOTE: DATA statement used (Total process time):
      real time           0.00 seconds
      cpu time            0.00 seconds
      


NOTE: The data set WORK.CONTENTS30 has 10 observations and 41 variables.
NOTE: PROCEDURE CONTENTS used (Total process time):
      real time           0.15 seconds
      cpu time            0.01 seconds
      


NOTE: There were 42 observations read from the data set WORK.WORKINGDATASETS.
NOTE: DATA statement used (Total process time):
      real time           0.00 seconds
      cpu time            0.00 seconds
      


NOTE: The data set WORK.CONTENTS31 has 10 observations and 41 variables.
NOTE: PROCEDURE CONTENTS used (Total process time):
      real time           0.06 seconds
      cpu time            0.01 seconds
      


NOTE: There were 42 observations read from the data set WORK.WORKINGDATASETS.
NOTE: DATA statement used (Total process time):
      real time           0.00 seconds
      cpu time            0.00 seconds
      


NOTE: The data set WORK.CONTENTS32 has 25 observations and 41 variables.
NOTE: PROCEDURE CONTENTS used (Total process time):
      real time           0.07 seconds
      cpu time            0.00 seconds
      


NOTE: There were 42 observations read from the data set WORK.WORKINGDATASETS.
NOTE: DATA statement used (Total process time):
      real time           0.00 seconds
      cpu time            0.00 seconds
9                                                                   The SAS System                                     08:38 Tuesday, November 7, 2017

      


NOTE: The data set WORK.CONTENTS33 has 21 observations and 41 variables.
NOTE: PROCEDURE CONTENTS used (Total process time):
      real time           0.07 seconds
      cpu time            0.00 seconds
      


NOTE: There were 42 observations read from the data set WORK.WORKINGDATASETS.
NOTE: DATA statement used (Total process time):
      real time           0.00 seconds
      cpu time            0.00 seconds
      


NOTE: The data set WORK.CONTENTS34 has 23 observations and 41 variables.
NOTE: PROCEDURE CONTENTS used (Total process time):
      real time           0.07 seconds
      cpu time            0.01 seconds
      


NOTE: There were 42 observations read from the data set WORK.WORKINGDATASETS.
NOTE: DATA statement used (Total process time):
      real time           0.00 seconds
      cpu time            0.00 seconds
      


NOTE: The data set WORK.CONTENTS35 has 19 observations and 41 variables.
NOTE: PROCEDURE CONTENTS used (Total process time):
      real time           0.06 seconds
      cpu time            0.00 seconds
      


NOTE: There were 42 observations read from the data set WORK.WORKINGDATASETS.
NOTE: DATA statement used (Total process time):
      real time           0.00 seconds
      cpu time            0.00 seconds
      


NOTE: The data set WORK.CONTENTS36 has 21 observations and 41 variables.
NOTE: PROCEDURE CONTENTS used (Total process time):
      real time           0.06 seconds
      cpu time            0.01 seconds
      


NOTE: There were 42 observations read from the data set WORK.WORKINGDATASETS.
NOTE: DATA statement used (Total process time):
      real time           0.00 seconds
      cpu time            0.00 seconds
      


NOTE: The data set WORK.CONTENTS37 has 20 observations and 41 variables.
NOTE: PROCEDURE CONTENTS used (Total process time):
      real time           0.04 seconds
      cpu time            0.01 seconds
      


NOTE: There were 42 observations read from the data set WORK.WORKINGDATASETS.
NOTE: DATA statement used (Total process time):
      real time           0.00 seconds
      cpu time            0.00 seconds
      

10                                                                  The SAS System                                     08:38 Tuesday, November 7, 2017


NOTE: The data set WORK.CONTENTS38 has 15 observations and 41 variables.
NOTE: PROCEDURE CONTENTS used (Total process time):
      real time           0.06 seconds
      cpu time            0.00 seconds
      


NOTE: There were 42 observations read from the data set WORK.WORKINGDATASETS.
NOTE: DATA statement used (Total process time):
      real time           0.00 seconds
      cpu time            0.00 seconds
      


NOTE: The data set WORK.CONTENTS39 has 23 observations and 41 variables.
NOTE: PROCEDURE CONTENTS used (Total process time):
      real time           0.07 seconds
      cpu time            0.03 seconds
      


NOTE: There were 42 observations read from the data set WORK.WORKINGDATASETS.
NOTE: DATA statement used (Total process time):
      real time           0.00 seconds
      cpu time            0.00 seconds
      


NOTE: The data set WORK.CONTENTS40 has 19 observations and 41 variables.
NOTE: PROCEDURE CONTENTS used (Total process time):
      real time           0.15 seconds
      cpu time            0.11 seconds
      


NOTE: There were 42 observations read from the data set WORK.WORKINGDATASETS.
NOTE: DATA statement used (Total process time):
      real time           0.00 seconds
      cpu time            0.00 seconds
      


NOTE: The data set WORK.CONTENTS41 has 22 observations and 41 variables.
NOTE: PROCEDURE CONTENTS used (Total process time):
      real time           0.07 seconds
      cpu time            0.01 seconds
      


NOTE: There were 42 observations read from the data set WORK.WORKINGDATASETS.
NOTE: DATA statement used (Total process time):
      real time           0.00 seconds
      cpu time            0.00 seconds
      


NOTE: The data set WORK.CONTENTS42 has 18 observations and 41 variables.
NOTE: PROCEDURE CONTENTS used (Total process time):
      real time           0.04 seconds
      cpu time            0.00 seconds
      


NOTE: There were 17 observations read from the data set WORK.CONTENTS1.
NOTE: There were 13 observations read from the data set WORK.CONTENTS2.
NOTE: There were 9 observations read from the data set WORK.CONTENTS3.
NOTE: There were 13 observations read from the data set WORK.CONTENTS4.
NOTE: There were 11 observations read from the data set WORK.CONTENTS5.
NOTE: There were 9 observations read from the data set WORK.CONTENTS6.
NOTE: There were 6 observations read from the data set WORK.CONTENTS7.
NOTE: There were 11 observations read from the data set WORK.CONTENTS8.
11                                                                  The SAS System                                     08:38 Tuesday, November 7, 2017

NOTE: There were 33 observations read from the data set WORK.CONTENTS9.
NOTE: There were 33 observations read from the data set WORK.CONTENTS10.
NOTE: There were 31 observations read from the data set WORK.CONTENTS11.
NOTE: There were 17 observations read from the data set WORK.CONTENTS12.
NOTE: There were 13 observations read from the data set WORK.CONTENTS13.
NOTE: There were 17 observations read from the data set WORK.CONTENTS14.
NOTE: There were 11 observations read from the data set WORK.CONTENTS15.
NOTE: There were 12 observations read from the data set WORK.CONTENTS16.
NOTE: There were 12 observations read from the data set WORK.CONTENTS17.
NOTE: There were 11 observations read from the data set WORK.CONTENTS18.
NOTE: There were 12 observations read from the data set WORK.CONTENTS19.
NOTE: There were 12 observations read from the data set WORK.CONTENTS20.
NOTE: There were 11 observations read from the data set WORK.CONTENTS21.
NOTE: There were 12 observations read from the data set WORK.CONTENTS22.
NOTE: There were 12 observations read from the data set WORK.CONTENTS23.
NOTE: There were 11 observations read from the data set WORK.CONTENTS24.
NOTE: There were 12 observations read from the data set WORK.CONTENTS25.
NOTE: There were 12 observations read from the data set WORK.CONTENTS26.
NOTE: There were 7 observations read from the data set WORK.CONTENTS27.
NOTE: There were 6 observations read from the data set WORK.CONTENTS28.
NOTE: There were 9 observations read from the data set WORK.CONTENTS29.
NOTE: There were 10 observations read from the data set WORK.CONTENTS30.
NOTE: There were 10 observations read from the data set WORK.CONTENTS31.
NOTE: There were 25 observations read from the data set WORK.CONTENTS32.
NOTE: There were 21 observations read from the data set WORK.CONTENTS33.
NOTE: There were 23 observations read from the data set WORK.CONTENTS34.
NOTE: There were 19 observations read from the data set WORK.CONTENTS35.
NOTE: There were 21 observations read from the data set WORK.CONTENTS36.
NOTE: There were 20 observations read from the data set WORK.CONTENTS37.
NOTE: There were 15 observations read from the data set WORK.CONTENTS38.
NOTE: There were 23 observations read from the data set WORK.CONTENTS39.
NOTE: There were 19 observations read from the data set WORK.CONTENTS40.
NOTE: There were 22 observations read from the data set WORK.CONTENTS41.
NOTE: There were 18 observations read from the data set WORK.CONTENTS42.
NOTE: The data set WORK.CONTENTSALL has 641 observations and 41 variables.
NOTE: DATA statement used (Total process time):
      real time           0.12 seconds
      cpu time            0.03 seconds
      

213        
214        
215        
216        ods html close;
217        
218        proc export
219          data = Work.contentsAll
220          outfile = "data\processed\&cmt..csv"
221          dbms = csv
222          replace;
223          delimiter = ",";
224        run;

225         /**********************************************************************
226         *   PRODUCT:   SAS
227         *   VERSION:   9.4
228         *   CREATOR:   External File Interface
229         *   DATE:      07NOV17
230         *   DESC:      Generated SAS Datastep Code
231         *   TEMPLATE SOURCE:  (None Specified.)
232         ***********************************************************************/
233            data _null_;
234            %let _EFIERR_ = 0; /* set the ERROR detection macro variable */
235            %let _EFIREC_ = 0;     /* clear export record count macro variable */
236            file 'data\processed\contentsWorkingDatasets.csv' delimiter=',' DSD DROPOVER lrecl=32767;
237            if _n_ = 1 then        /* write column names or labels */
238             do;
239               put
240                  "LIBNAME"
241               ','
242                  "MEMNAME"
243               ','
12                                                                  The SAS System                                     08:38 Tuesday, November 7, 2017

244                  "MEMLABEL"
245               ','
246                  "TYPEMEM"
247               ','
248                  "NAME"
249               ','
250                  "TYPE"
251               ','
252                  "LENGTH"
253               ','
254                  "VARNUM"
255               ','
256                  "LABEL"
257               ','
258                  "FORMAT"
259               ','
260                  "FORMATL"
261               ','
262                  "FORMATD"
263               ','
264                  "INFORMAT"
265               ','
266                  "INFORML"
267               ','
268                  "INFORMD"
269               ','
270                  "JUST"
271               ','
272                  "NPOS"
273               ','
274                  "NOBS"
275               ','
276                  "ENGINE"
277               ','
278                  "CRDATE"
279               ','
280                  "MODATE"
281               ','
282                  "DELOBS"
283               ','
284                  "IDXUSAGE"
285               ','
286                  "MEMTYPE"
287               ','
288                  "IDXCOUNT"
289               ','
290                  "PROTECT"
291               ','
292                  "FLAGS"
293               ','
294                  "COMPRESS"
295               ','
296                  "REUSE"
297               ','
298                  "SORTED"
299               ','
300                  "SORTEDBY"
301               ','
302                  "CHARSET"
303               ','
304                  "COLLATE"
305               ','
306                  "NODUPKEY"
307               ','
308                  "NODUPREC"
309               ','
310                  "ENCRYPT"
311               ','
312                  "POINTOBS"
313               ','
314                  "GENMAX"
315               ','
13                                                                  The SAS System                                     08:38 Tuesday, November 7, 2017

316                  "GENNUM"
317               ','
318                  "GENNEXT"
319               ','
320                  "TRANSCOD"
321               ;
322             end;
323           set  WORK.CONTENTSALL   end=EFIEOD;
324               format LIBNAME $8. ;
325               format MEMNAME $32. ;
326               format MEMLABEL $256. ;
327               format TYPEMEM $8. ;
328               format NAME $32. ;
329               format TYPE best12. ;
330               format LENGTH best12. ;
331               format VARNUM best12. ;
332               format LABEL $256. ;
333               format FORMAT $32. ;
334               format FORMATL best12. ;
335               format FORMATD best12. ;
336               format INFORMAT $32. ;
337               format INFORML best12. ;
338               format INFORMD best12. ;
339               format JUST best12. ;
340               format NPOS best12. ;
341               format NOBS best12. ;
342               format ENGINE $8. ;
343               format CRDATE datetime16. ;
344               format MODATE datetime16. ;
345               format DELOBS best12. ;
346               format IDXUSAGE $9. ;
347               format MEMTYPE $8. ;
348               format IDXCOUNT best12. ;
349               format PROTECT $3. ;
350               format FLAGS $3. ;
351               format COMPRESS $8. ;
352               format REUSE $3. ;
353               format SORTED best12. ;
354               format SORTEDBY best12. ;
355               format CHARSET $8. ;
356               format COLLATE $8. ;
357               format NODUPKEY $3. ;
358               format NODUPREC $3. ;
359               format ENCRYPT $8. ;
360               format POINTOBS $3. ;
361               format GENMAX best12. ;
362               format GENNUM best12. ;
363               format GENNEXT best12. ;
364               format TRANSCOD $3. ;
365             do;
366               EFIOUT + 1;
367               put LIBNAME $ @;
368               put MEMNAME $ @;
369               put MEMLABEL $ @;
370               put TYPEMEM $ @;
371               put NAME $ @;
372               put TYPE @;
373               put LENGTH @;
374               put VARNUM @;
375               put LABEL $ @;
376               put FORMAT $ @;
377               put FORMATL @;
378               put FORMATD @;
379               put INFORMAT $ @;
380               put INFORML @;
381               put INFORMD @;
382               put JUST @;
383               put NPOS @;
384               put NOBS @;
385               put ENGINE $ @;
386               put CRDATE @;
387               put MODATE @;
14                                                                  The SAS System                                     08:38 Tuesday, November 7, 2017

388               put DELOBS @;
389               put IDXUSAGE $ @;
390               put MEMTYPE $ @;
391               put IDXCOUNT @;
392               put PROTECT $ @;
393               put FLAGS $ @;
394               put COMPRESS $ @;
395               put REUSE $ @;
396               put SORTED @;
397               put SORTEDBY @;
398               put CHARSET $ @;
399               put COLLATE $ @;
400               put NODUPKEY $ @;
401               put NODUPREC $ @;
402               put ENCRYPT $ @;
403               put POINTOBS $ @;
404               put GENMAX @;
405               put GENNUM @;
406               put GENNEXT @;
407               put TRANSCOD $ ;
408               ;
409             end;
410            if _ERROR_ then call symputx('_EFIERR_',1);  /* set ERROR detection macro variable */
411            if EFIEOD then call symputx('_EFIREC_',EFIOUT);
412            run;

NOTE: The file 'data\processed\contentsWorkingDatasets.csv' is:
      Filename=U:\studies\AS\pgms\bchan\data\processed\contentsWorkingDatasets.csv,
      RECFM=V,LRECL=32767,File Size (bytes)=0,
      Last Modified=07Nov2017:08:38:11,
      Create Time=07Nov2017:08:38:11

NOTE: 642 records were written to the file 'data\processed\contentsWorkingDatasets.csv'.
      The minimum record length was 143.
      The maximum record length was 306.
NOTE: There were 641 observations read from the data set WORK.CONTENTSALL.
NOTE: DATA statement used (Total process time):
      real time           0.03 seconds
      cpu time            0.01 seconds
      

641 records created in data\processed\contentsWorkingDatasets.csv from WORK.CONTENTSALL.
  
  
NOTE: "data\processed\contentsWorkingDatasets.csv" file was successfully created.
NOTE: PROCEDURE EXPORT used (Total process time):
      real time           0.14 seconds
      cpu time            0.12 seconds
      

413        
414        
415        ods html close;
NOTE: SAS Institute Inc., SAS Campus Drive, Cary, NC USA 27513-2414
NOTE: The SAS System used:
      real time           4.69 seconds
      cpu time            1.30 seconds
      
