1                                                                                            The SAS System                                                                00:44 Thursday, March 28, 2019

NOTE: Copyright (c) 2016 by SAS Institute Inc., Cary, NC, USA. 
NOTE: SAS (r) Proprietary Software 9.4 (TS1M5) 
      Licensed to UNIVERSITY OF ALABAMA AT BIRMINGHAM - SFA - T&R, Site 70086550.
NOTE: This session is executing on the X64_DS08R2  platform.



NOTE: Updated analytical products:
      
      SAS/STAT 14.3
      SAS/ETS 14.3
      SAS/IML 14.3
      SAS/QC 14.3

NOTE: Additional host information:

 X64_DS08R2 WIN 6.1.7601 Service Pack 1 Server

--- PEER News and Updates ---

: SECURITY REMINDER :
Please remember not to copy any data files that contain PHI (protected health identifiers) to any of the shared folders.

 


NOTE: SAS initialization used:
      real time           0.37 seconds
      cpu time            0.37 seconds
      
1          *  University of Alabama at Birmingham                               *
2          *  AS project                                            *
3          **********************************************************************;
4          options pagesize=74 linesize=150 pageno=1 missing=' ' date FORMCHAR="|----|+|---+=|-/\<>*";
5          * Programmer    : Benjamin Chan <chanb@ohsu.edu>
6          * Creation date :
7          * Modify date   :
8          ;
9          %let cmt=queryPrevalentComorbidities; * type the name of your program here (without the filename extension);
10         %let pgm=&cmt..sas;
11         %include "lib\libname.sas" ;
NOTE: Libref STDC5P was successfully assigned as follows: 
      Engine:        SPDE 
      Physical Name: H:\studies\osteo\data\STD_files\5pct\
NOTE: Libref STD_SABR was successfully assigned as follows: 
      Engine:        SPDE 
      Physical Name: q:\data\std_SABER\
NOTE: Libref MPSTD was successfully assigned as follows: 
      Engine:        SPDE 
      Physical Name: q:\studies\mpcd\data\stddata\
NOTE: Libref UCBSTD was successfully assigned as follows: 
      Engine:        SPDE 
      Physical Name: q:\studies\AS\data\stddata\
NOTE: Libref UCB was successfully assigned as follows: 
      Engine:        SPDE 
      Physical Name: q:\studies\AS\data\UCB\
NOTE: Libref UCB64 was successfully assigned as follows: 
      Engine:        SPDE 
      Physical Name: q:\studies\AS\data\UCB64\
NOTE: Libref DT was successfully assigned as follows: 
      Engine:        V9 
      Physical Name: V:\studies\AS\data
NOTE: Libref NDC was successfully assigned as follows: 
      Engine:        V9 
      Physical Name: W:\onenote\references\drug ndcs\sas data
143        footnote "&pgm.";
144        * footnote2 "%sysfunc(datetime(),datetime14.)";
145        title1 '--- AS project ---';
146        **********************************************************************;
147        options macrogen mlogic mprint symbolgen;
148        options nomacrogen nomlogic nomprint nosymbolgen;
149        
2                                                                   The SAS System                                      00:44 Thursday, March 28, 2019

150        
151        ods html
152          body = "output\&cmt..html"
153          style = Statistical;
NOTE: Writing HTML Body file: output\queryPrevalentComorbidities.html
154        
155        
156        /*
157        Calculate the prevalence of each comorbidity over various time intervals, by
158        disease cohort (AS vs. non-AS). We will explore how the prevalence of each
159        condition varies according to the amount of data available. Outcomes will be
160        examined in discrete 12 month increments (i.e. using 12 months of data, 24
161        months, 36 months, etc.) using the 6 months baseline plus an additional 6
162        (1st year), 18 (1st and 2nd year), 30 (1st, 2nd, and 3rd year), etc. months
163        of follow-up.
164         */
165        
166        
167        /*
168        See the *Compact Outcome Definition* worksheet in `AS Project Cohort Outcome Codebook-20170410.xlsx`
169         */
170        
171        
172        proc sql;
173          create table Work.defOutcomes as
174            select *
175            from DT.defOutcomes
176            where disease ^in ("Interstitial lung disease");
NOTE: Table WORK.DEFOUTCOMES created, with 2664 rows and 6 columns.

177        quit;
NOTE: PROCEDURE SQL used (Total process time):
      real time           0.11 seconds
      cpu time            0.04 seconds
      

178        
179        %let select1 = select A.*, B.outcomeCategory, B.disease;
180        %let join1 = inner join Work.defOutcomes B on (A.codeType = B.codeType & A.code = B.code);
181        %let where1a = where B.disease ^in ("Myocardial infarction", "Hospitalized infection");
182        %let where1b = | (B.disease in ("Myocardial infarction", "Hospitalized infection") & A.enc_type = "IP");
183        
184        
185        /*
186        Call interstitial lung disease macro
187         */
188        %include "lib\IPP_2IPSOPplusPX_ILD.sas" / source2;
NOTE: %INCLUDE (level 1) file lib\IPP_2IPSOPplusPX_ILD.sas is file U:\studies\AS\pgms\bchan\lib\IPP_2IPSOPplusPX_ILD.sas.
189       +/*
190       +Interstitial lung disease;
191       +1)  One or more diagnosis codes for ILD from primary discharge
192       +Or
193       +2)  (Two or more diagnosis codes for ILD from secondary discharge or physician EMM ) plus one or more diagnosis tests within 90 days prior
193      !+to (inclusive) one of the diagnosis code for ILD
194       +*/
195       +%macro IPP_2IPSOPplusPX_ILD(outdata=,ids=,Dxs=, Pxs=);
196       +*DXs=diagnosis code in followup, Pxs=CPT code in follow up;
197       +*do not name outData as IPPILD dxIPSILD dxOPILD dxIPSOPILD pxILD dxpxIPSOPILD IPSOPILD;
198       +
199       +data IPPILD dxIPSILD dxOPILD;
200       +set &dxs();
201       +length dx1_date 4;
202       +format dx1_date mmddyy10.;
203       +dx1_date=min(ADMIT_DATE,  BEGIN_DATE);
204       +
205       +if dx in :('515','51630','51631','51632','51633','51634','51635','51636','51637',
206       +           '5164','5165','5166','5168','5169','71481');
207       +
208       +if enc_type='IP' and pdx='P'
209       +    then output IPPILD;
210       +if enc_type='IP' and pdx ne 'P'
211       +    then output dxIPSILD;
3                                                                   The SAS System                                      00:44 Thursday, March 28, 2019

212       +if enc_type not in ('IP','IF', 'OT', " ")
213       +    then output dxOPILD;
214       +run;
215       +
216       +data dxIPSOPILD; *ILD from secondary discharge or physician EMM;
217       +set dxIPSILD dxOPILD;
218       +run;
219       +
220       +data pxILD; *diagnosis tests;
221       +set &pxs();
222       +if (px_type='09' and px in ('8741','8742')) or
223       +   (px_type='C1' and px in ('71250','71260','71270','71275','31625','31628',
224       +                             '31629','31632','31633','32095','32096','32097',
225       +                             '32098','32400','32405','32604','32606','32607',
226       +                             '32608','32609'));
227       +run;
228       +proc sort data=pxILD nodupkey; by &IDS px_date;run; * drop duplicate PX date and keep only one;
229       +
230       +proc sql;
231       +/*one or more diagnosis tests within 90 days prior to (inclusive) one of the diagnosis code for ILD*/
232       +create table dxpxIPSOPILD as
233       +select a.* , b.px_date
234       +from dxIPSOPILD as a
235       +    ,
236       +     pxILD as b
237       +where a.&IDS=b.&IDS and
238       +      min(b.ADMIT_DATE, b.BEGIN_DATE)-90<=b.px_date<=min(b.ADMIT_DATE, b.BEGIN_DATE);
239       +
240       +/* sencond DX code */
241       +create table IPSOPILD as
242       +select a.*, min(b.ADMIT_DATE, b.BEGIN_DATE) as DX2_date length=4 format mmddyy10.
243       +from dxpxIPSOPILD as a
244       +    ,
245       +     dxIPSOPILD(drop=dx1_date) as b
246       +where a.patid=b.patid and
247       +      (a.ADMIT_DATE ne b.ADMIT_DATE and a.BEGIN_DATE ne b.BEGIN_DATE)
248       +order by &IDS,ADMIT_DATE, BEGIN_DATE;
249       +quit;
250       +
251       +
252       +data &outData;
253       +set IPPILD IPSOPILD;
254       +length outcome $20 outcome_date outcome_start_date 4;
255       +format outcome_date outcome_start_date mmddyy10.;
256       +outcome="ILD";
257       +outcome_date=max(dx1_date, dx2_date, px_date);
258       +outcome_start_date=min(dx1_date, dx2_date, px_date);
259       +drop ADMIT_DATE BEGIN_DATE DISCHARGE_DATE END_DATE;
260       +run;
261       +
262       +proc sort data=&outData;
263       +by &IDS outcome_date descending outcome_start_date descending Enc_type;
264       +run;
265       +
266       +data &outData;
267       +set &outData;
268       +by &IDS outcome_date descending outcome_start_date;
269       +if first.outcome_date;
270       +run;
271       +
272       +proc datasets nolist;
273       +delete IPPILD dxIPSILD dxOPILD dxIPSOPILD pxILD dxpxIPSOPILD IPSOPILD;
274       +quit;run;
275       +%mend IPP_2IPSOPplusPX_ILD;
NOTE: %INCLUDE (level 1) ending.
276        %IPP_2IPSOPplusPX_ILD(outdata = Work.outcome_ILD_All,
277                              IDS = patid,
278                              Dxs = UCB64.tempPrevDxAll,
279                              Pxs = UCB64.tempPrevPxAll);

NOTE: There were 11066805 observations read from the data set UCB64.TEMPPREVDXALL.
NOTE: The data set WORK.IPPILD has 139 observations and 27 variables.
4                                                                   The SAS System                                      00:44 Thursday, March 28, 2019

NOTE: The data set WORK.DXIPSILD has 1144 observations and 27 variables.
NOTE: The data set WORK.DXOPILD has 7515 observations and 27 variables.
NOTE: DATA statement used (Total process time):
      real time           6.14 seconds
      cpu time            6.05 seconds
      


NOTE: There were 1144 observations read from the data set WORK.DXIPSILD.
NOTE: There were 7515 observations read from the data set WORK.DXOPILD.
NOTE: The data set WORK.DXIPSOPILD has 8659 observations and 27 variables.
NOTE: DATA statement used (Total process time):
      real time           0.06 seconds
      cpu time            0.03 seconds
      


NOTE: There were 20905356 observations read from the data set UCB64.TEMPPREVPXALL.
NOTE: The data set WORK.PXILD has 36733 observations and 24 variables.
NOTE: DATA statement used (Total process time):
      real time           9.76 seconds
      cpu time            9.71 seconds
      


NOTE: There were 36733 observations read from the data set WORK.PXILD.
NOTE: 22039 observations with duplicate key values were deleted.
NOTE: The data set WORK.PXILD has 14694 observations and 24 variables.
NOTE: PROCEDURE SORT used (Total process time):
      real time           0.10 seconds
      cpu time            0.07 seconds
      

NOTE: Table WORK.DXPXIPSOPILD created, with 24212 rows and 28 columns.

NOTE: Table WORK.IPSOPILD created, with 510616 rows and 29 columns.

NOTE: PROCEDURE SQL used (Total process time):
      real time           1.29 seconds
      cpu time            1.76 seconds
      


NOTE: There were 139 observations read from the data set WORK.IPPILD.
NOTE: There were 510616 observations read from the data set WORK.IPSOPILD.
NOTE: The data set WORK.OUTCOME_ILD_ALL has 510755 observations and 28 variables.
NOTE: DATA statement used (Total process time):
      real time           0.62 seconds
      cpu time            0.57 seconds
      


NOTE: There were 510755 observations read from the data set WORK.OUTCOME_ILD_ALL.
NOTE: The data set WORK.OUTCOME_ILD_ALL has 510755 observations and 28 variables.
NOTE: PROCEDURE SORT used (Total process time):
      real time           0.85 seconds
      cpu time            1.45 seconds
      


NOTE: There were 510755 observations read from the data set WORK.OUTCOME_ILD_ALL.
NOTE: The data set WORK.OUTCOME_ILD_ALL has 1225 observations and 28 variables.
NOTE: DATA statement used (Total process time):
      real time           0.44 seconds
      cpu time            0.34 seconds
      


NOTE: Deleting WORK.IPPILD (memtype=DATA).
NOTE: Deleting WORK.DXIPSILD (memtype=DATA).
NOTE: Deleting WORK.DXOPILD (memtype=DATA).
NOTE: Deleting WORK.DXIPSOPILD (memtype=DATA).
5                                                                   The SAS System                                      00:44 Thursday, March 28, 2019

NOTE: Deleting WORK.PXILD (memtype=DATA).
NOTE: Deleting WORK.DXPXIPSOPILD (memtype=DATA).
NOTE: Deleting WORK.IPSOPILD (memtype=DATA).
NOTE: PROCEDURE DATASETS used (Total process time):
      real time           0.14 seconds
      cpu time            0.07 seconds
      

280        
281        
282        /*
283        Process fracture episodes data set
284         */
285        proc sql;
286          create table Work.fractures as
287            select database,
288                   exposure,
289                   patid,
290                   ASCohortDate,
291                   "Osteoporotic fracture" as outcomeCategory,
292                   fractureType as disease,
293                   fractureEpisodeStart as begin_date
294            from DT.fractureEpisodesPrev
295            where ^missing(fractureType);
NOTE: Table WORK.FRACTURES created, with 11974 rows and 7 columns.

296        quit;
NOTE: PROCEDURE SQL used (Total process time):
      real time           0.31 seconds
      cpu time            0.04 seconds
      

297        
298        
299        proc sql;
300        
301          %let select2 = select database, exposure, patid, ASCohortDate, enc_type, "Lung disease" as outcomeCategory, "Interstitial lung disease"
301      ! as disease, outcome_start_date as begin_date;
302          create table DT.comorbiditiesByPatid as
303            select C.database, C.patid, C.ASCohortDate,
304                   C.outcomeCategory,
305                   case
306                     when C.disease = "Clinical vertebral fracture" | C.disease = "Non-vertebral osteoporotic fracture"
307                       then "Clinical vertebral or non-vertebral osteoporotic fracture"
308                     when C.disease = "Psoriasis" | C.disease = "Psoriatic arthritis"
309                       then "Psoriasis or psoriatic arthritis"
310                     when prxmatch("/Crohn/", C.disease) | C.disease = "Ulcerative Colitis"
311                       then "Crohns disease or ulcerative colitis"
312                     when C.disease = "Interstitial lung disease" | prxmatch("/Restrictive lung disease/", C.disease)
313                       then "Interstitial or restrictive lung disease"
314                     else C.disease
315                     end as disease,
316                   sum(C.begin_date < C.ASCohortDate) > 0 as indPrevPriorToCohortEntry,
317                   sum(0 <= C.ASCohortDate  - C.begin_date <= 183 |
318                       0 <= C.begin_date - C.ASCohortDate  <= (183 * 1)) > 0 as indPrev12mo,
319                   sum(0 <= C.ASCohortDate  - C.begin_date <= 183 |
320                       0 <= C.begin_date - C.ASCohortDate  <= (183 * 3)) > 0 as indPrev24mo,
321                   sum(0 <= C.ASCohortDate  - C.begin_date <= 183 |
322                       0 <= C.begin_date - C.ASCohortDate  <= (183 * 5)) > 0 as indPrev36mo
323            from (&select1 from UCB64.tempPrevDxAll A &join1 &where1a &where1b union corr
324                  &select1 from UCB64.tempPrevPxAll A &join1 &where1a union corr
325                  &select2 from Work.outcome_ILD_All union corr
326                  select * from Work.fractures) C
327            group by C.database, C.patid, C.ASCohortDate,
328                     C.outcomeCategory,
329                     calculated disease
330            having calculated indPrevPriorToCohortEntry > 0 |
331                   calculated indPrev12mo > 0 |
332                   calculated indPrev24mo > 0 |
333                   calculated indPrev36mo > 0;
NOTE: Parallel WHERE evaluation suppressed due to sort order on table.
NOTE: Parallel WHERE evaluation suppressed due to sort order on table.
6                                                                   The SAS System                                      00:44 Thursday, March 28, 2019

NOTE: Table DT.COMORBIDITIESBYPATID created, with 20231 rows and 9 columns.

334        
335        quit;
NOTE: PROCEDURE SQL used (Total process time):
      real time           13.61 seconds
      cpu time            18.33 seconds
      

336        
337        
338        proc sql;
339        
340          create table Work.denominator as
341            select database,
342                   mean(indexDate - ASCohortDate) as meanDaysASCohortToExposure,
343                   min(indexDate - ASCohortDate) as minDaysASCohortToExposure,
344                   max(indexDate - ASCohortDate) as maxDaysASCohortToExposure,
345                   count(distinct patid) as denomPatid
346            from DT.indexLookup
347            group by database;
NOTE: Table WORK.DENOMINATOR created, with 3 rows and 5 columns.

348        
349          create table Work.prev as
350            select A.database, A.outcomeCategory, A.disease,
351                   B.denomPatid,
352                   "AS cohort entry to exposure" as timeWindow,
353                   sum(A.indPrevPriorToCohortEntry) as numer,
354                   sum(A.indPrevPriorToCohortEntry) / B.denomPatid * 100 as prevPct
355            from DT.comorbiditiesByPatid A inner join
356                 Work.denominator B on (A.database = B.database)
357            group by A.database, A.outcomeCategory, A.disease, B.denomPatid
358            union corr
359            select A.database, A.outcomeCategory, A.disease,
360                   B.denomPatid,
361                   "12 months" as timeWindow,
362                   sum(A.indPrev12mo) as numer,
363                   sum(A.indPrev12mo) / B.denomPatid * 100 as prevPct
364            from DT.comorbiditiesByPatid A inner join
365                 Work.denominator B on (A.database = B.database)
366            group by A.database, A.outcomeCategory, A.disease, B.denomPatid
367            union corr
368            select A.database, A.outcomeCategory, A.disease,
369                   B.denomPatid,
370                   "24 months" as timeWindow,
371                   sum(A.indPrev24mo) as numer,
372                   sum(A.indPrev24mo) / B.denomPatid * 100 as prevPct
373            from DT.comorbiditiesByPatid A inner join
374                 Work.denominator B on (A.database = B.database)
375            group by A.database, A.outcomeCategory, A.disease, B.denomPatid
376            union corr
377            select A.database, A.outcomeCategory, A.disease,
378                   B.denomPatid,
379                   "36 months" as timeWindow,
380                   sum(A.indPrev36mo) as numer,
381                   sum(A.indPrev36mo) / B.denomPatid * 100 as prevPct
382            from DT.comorbiditiesByPatid A inner join
383                 Work.denominator B on (A.database = B.database)
384            group by A.database, A.outcomeCategory, A.disease, B.denomPatid;
NOTE: Table WORK.PREV created, with 220 rows and 7 columns.

385          select * from Work.prev;
                                                                  --- AS project ---                                00:44 Thursday, March 28, 2019   1

 database    Disease Category            disease                                                    denomPatid  timeWindow                      numer
  prevPct
 ----------------------------------------------------------------------------------------------------------------------------------------------------
 MPCD        Cancer                      Hematologic Cancer                                               2608  12 months                          44
 1.687117

 MPCD        Cancer                      Hematologic Cancer                                               2608  24 months                          48
 1.840491

 MPCD        Cancer                      Hematologic Cancer                                               2608  36 months                          51
 1.955521

 MPCD        Cancer                      Hematologic Cancer                                               2608  AS cohort entry to exposure        47
 1.802147

 MPCD        Cancer                      Solid Cancer                                                     2608  12 months                         127
 4.869632

 MPCD        Cancer                      Solid Cancer                                                     2608  24 months                         166
 6.365031

 MPCD        Cancer                      Solid Cancer                                                     2608  36 months                         182
 6.978528

 MPCD        Cancer                      Solid Cancer                                                     2608  AS cohort entry to exposure       126
 4.831288

 MPCD        Cardiac disease             Aortic Insufficiency/Aortic Regurgitation                        2608  12 months                          74
 2.837423

 MPCD        Cardiac disease             Aortic Insufficiency/Aortic Regurgitation                        2608  24 months                          85
 3.259202

 MPCD        Cardiac disease             Aortic Insufficiency/Aortic Regurgitation                        2608  36 months                          93
 3.565951

 MPCD        Cardiac disease             Aortic Insufficiency/Aortic Regurgitation                        2608  AS cohort entry to exposure        62
 2.377301

 MPCD        Cardiac disease             Conduction Block                                                 2608  12 months                          44
 1.687117

 MPCD        Cardiac disease             Conduction Block                                                 2608  24 months                          51
 1.955521

 MPCD        Cardiac disease             Conduction Block                                                 2608  36 months                          54
 2.070552

 MPCD        Cardiac disease             Conduction Block                                                 2608  AS cohort entry to exposure        41
 1.572086

 MPCD        Cardiac disease             Myocardial infarction                                            2608  12 months                           2
 0.076687

 MPCD        Cardiac disease             Myocardial infarction                                            2608  24 months                           5
 0.191718

 MPCD        Cardiac disease             Myocardial infarction                                            2608  36 months                           7
 0.268405

 MPCD        Cardiac disease             Myocardial infarction                                            2608  AS cohort entry to exposure         5
 0.191718

 MPCD        Infection                   Hospitalized infection                                           2608  12 months                          38
 1.457055

 MPCD        Infection                   Hospitalized infection                                           2608  24 months                          69
 2.645706
 
 
 
                                                           queryPrevalentComorbidities.sas
                                                                  --- AS project ---                                00:44 Thursday, March 28, 2019   2

 database    Disease Category            disease                                                    denomPatid  timeWindow                      numer
  prevPct
 ----------------------------------------------------------------------------------------------------------------------------------------------------
 MPCD        Infection                   Hospitalized infection                                           2608  36 months                          87
  3.33589

 MPCD        Infection                   Hospitalized infection                                           2608  AS cohort entry to exposure        51
 1.955521

 MPCD        Infection                   Opportunistic infection                                          2608  12 months                          49
 1.878834

 MPCD        Infection                   Opportunistic infection                                          2608  24 months                          64
 2.453988

 MPCD        Infection                   Opportunistic infection                                          2608  36 months                          71
 2.722393

 MPCD        Infection                   Opportunistic infection                                          2608  AS cohort entry to exposure        53
 2.032209

 MPCD        Inflammatory bowel disease  Crohns disease or ulcerative colitis                             2608  12 months                         186
 7.131902

 MPCD        Inflammatory bowel disease  Crohns disease or ulcerative colitis                             2608  24 months                         212
 8.128834

 MPCD        Inflammatory bowel disease  Crohns disease or ulcerative colitis                             2608  36 months                         227
 8.703988

 MPCD        Inflammatory bowel disease  Crohns disease or ulcerative colitis                             2608  AS cohort entry to exposure       181
 6.940184

 MPCD        Kidney disease              Amyloidosis                                                      2608  12 months                          21
 0.805215

 MPCD        Kidney disease              Amyloidosis                                                      2608  24 months                          22
 0.843558

 MPCD        Kidney disease              Amyloidosis                                                      2608  36 months                          24
 0.920245

 MPCD        Kidney disease              Amyloidosis                                                      2608  AS cohort entry to exposure        20
 0.766871

 MPCD        Kidney disease              IgA nephropathy                                                  2608  12 months                           7
 0.268405

 MPCD        Kidney disease              IgA nephropathy                                                  2608  24 months                           8
 0.306748

 MPCD        Kidney disease              IgA nephropathy                                                  2608  36 months                          10
 0.383436

 MPCD        Kidney disease              IgA nephropathy                                                  2608  AS cohort entry to exposure         6
 0.230061

 MPCD        Kidney disease              Nephrotic syndrome                                               2608  12 months                           1
 0.038344

 MPCD        Kidney disease              Nephrotic syndrome                                               2608  24 months                           2
 0.076687

 MPCD        Kidney disease              Nephrotic syndrome                                               2608  36 months                           2
 0.076687

 MPCD        Kidney disease              Nephrotic syndrome                                               2608  AS cohort entry to exposure         0
        0
 
 
 
                                                           queryPrevalentComorbidities.sas
                                                                  --- AS project ---                                00:44 Thursday, March 28, 2019   3

 database    Disease Category            disease                                                    denomPatid  timeWindow                      numer
  prevPct
 ----------------------------------------------------------------------------------------------------------------------------------------------------
 MPCD        Lung disease                Apical Pulmonary fibrosis                                        2608  12 months                           6
 0.230061

 MPCD        Lung disease                Apical Pulmonary fibrosis                                        2608  24 months                           7
 0.268405

 MPCD        Lung disease                Apical Pulmonary fibrosis                                        2608  36 months                           8
 0.306748

 MPCD        Lung disease                Apical Pulmonary fibrosis                                        2608  AS cohort entry to exposure         3
 0.115031

 MPCD        Lung disease                Interstitial or restrictive lung disease                         2608  12 months                          57
 2.185583

 MPCD        Lung disease                Interstitial or restrictive lung disease                         2608  24 months                          72
 2.760736

 MPCD        Lung disease                Interstitial or restrictive lung disease                         2608  36 months                          80
 3.067485

 MPCD        Lung disease                Interstitial or restrictive lung disease                         2608  AS cohort entry to exposure        60
 2.300613

 MPCD        Neurological Disease        Cauda Equina syndrome                                            2608  12 months                           1
 0.038344

 MPCD        Neurological Disease        Cauda Equina syndrome                                            2608  24 months                           2
 0.076687

 MPCD        Neurological Disease        Cauda Equina syndrome                                            2608  36 months                           2
 0.076687

 MPCD        Neurological Disease        Cauda Equina syndrome                                            2608  AS cohort entry to exposure         2
 0.076687

 MPCD        Neurological Disease        Spinal Cord compression                                          2608  12 months                           4
 0.153374

 MPCD        Neurological Disease        Spinal Cord compression                                          2608  24 months                           6
 0.230061

 MPCD        Neurological Disease        Spinal Cord compression                                          2608  36 months                           7
 0.268405

 MPCD        Neurological Disease        Spinal Cord compression                                          2608  AS cohort entry to exposure         3
 0.115031

 MPCD        Osteoporotic fracture       Clinical vertebral or non-vertebral osteoporotic fracture        2608  12 months                         111
 4.256135

 MPCD        Osteoporotic fracture       Clinical vertebral or non-vertebral osteoporotic fracture        2608  24 months                         164
 6.288344

 MPCD        Osteoporotic fracture       Clinical vertebral or non-vertebral osteoporotic fracture        2608  36 months                         185
 7.093558

 MPCD        Osteoporotic fracture       Clinical vertebral or non-vertebral osteoporotic fracture        2608  AS cohort entry to exposure       111
 4.256135

 MPCD        PsO/PsA                     Psoriasis or psoriatic arthritis                                 2608  12 months                         185
 7.093558

 MPCD        PsO/PsA                     Psoriasis or psoriatic arthritis                                 2608  24 months                         230
 8.819018
 
 
 
                                                           queryPrevalentComorbidities.sas
                                                                  --- AS project ---                                00:44 Thursday, March 28, 2019   4

 database    Disease Category            disease                                                    denomPatid  timeWindow                      numer
  prevPct
 ----------------------------------------------------------------------------------------------------------------------------------------------------
 MPCD        PsO/PsA                     Psoriasis or psoriatic arthritis                                 2608  36 months                         250
  9.58589

 MPCD        PsO/PsA                     Psoriasis or psoriatic arthritis                                 2608  AS cohort entry to exposure       174
 6.671779

 MPCD        Uveitis                     Uveitis                                                          2608  12 months                         159
 6.096626

 MPCD        Uveitis                     Uveitis                                                          2608  24 months                         204
 7.822086

 MPCD        Uveitis                     Uveitis                                                          2608  36 months                         215
 8.243865

 MPCD        Uveitis                     Uveitis                                                          2608  AS cohort entry to exposure       161
 6.173313

 Marketscan  Cancer                      Hematologic Cancer                                               9575  12 months                          43
 0.449086

 Marketscan  Cancer                      Hematologic Cancer                                               9575  24 months                          56
 0.584856

 Marketscan  Cancer                      Hematologic Cancer                                               9575  36 months                          64
 0.668407

 Marketscan  Cancer                      Hematologic Cancer                                               9575  AS cohort entry to exposure        36
 0.375979

 Marketscan  Cancer                      Non Melanoma Skin Cancer                                         9575  12 months                          52
 0.543081

 Marketscan  Cancer                      Non Melanoma Skin Cancer                                         9575  24 months                         104
 1.086162

 Marketscan  Cancer                      Non Melanoma Skin Cancer                                         9575  36 months                         145
  1.51436

 Marketscan  Cancer                      Non Melanoma Skin Cancer                                         9575  AS cohort entry to exposure        60
 0.626632

 Marketscan  Cancer                      Solid Cancer                                                     9575  12 months                         272
 2.840731

 Marketscan  Cancer                      Solid Cancer                                                     9575  24 months                         354
 3.697128

 Marketscan  Cancer                      Solid Cancer                                                     9575  36 months                         397
 4.146214

 Marketscan  Cancer                      Solid Cancer                                                     9575  AS cohort entry to exposure       282
  2.94517

 Marketscan  Cardiac disease             Aortic Insufficiency/Aortic Regurgitation                        9575  12 months                          99
 1.033943

 Marketscan  Cardiac disease             Aortic Insufficiency/Aortic Regurgitation                        9575  24 months                         133
 1.389034

 Marketscan  Cardiac disease             Aortic Insufficiency/Aortic Regurgitation                        9575  36 months                         147
 1.535248

 Marketscan  Cardiac disease             Aortic Insufficiency/Aortic Regurgitation                        9575  AS cohort entry to exposure        98
 1.023499
 
 
 
                                                           queryPrevalentComorbidities.sas
                                                                  --- AS project ---                                00:44 Thursday, March 28, 2019   5

 database    Disease Category            disease                                                    denomPatid  timeWindow                      numer
  prevPct
 ----------------------------------------------------------------------------------------------------------------------------------------------------
 Marketscan  Cardiac disease             Conduction Block                                                 9575  12 months                          82
 0.856397

 Marketscan  Cardiac disease             Conduction Block                                                 9575  24 months                         125
 1.305483

 Marketscan  Cardiac disease             Conduction Block                                                 9575  36 months                         147
 1.535248

 Marketscan  Cardiac disease             Conduction Block                                                 9575  AS cohort entry to exposure        79
 0.825065

 Marketscan  Cardiac disease             Myocardial infarction                                            9575  12 months                          17
 0.177546

 Marketscan  Cardiac disease             Myocardial infarction                                            9575  24 months                          31
  0.32376

 Marketscan  Cardiac disease             Myocardial infarction                                            9575  36 months                          45
 0.469974

 Marketscan  Cardiac disease             Myocardial infarction                                            9575  AS cohort entry to exposure        20
 0.208877

 Marketscan  Infection                   Hospitalized infection                                           9575  12 months                         285
 2.976501

 Marketscan  Infection                   Hospitalized infection                                           9575  24 months                         464
 4.845953

 Marketscan  Infection                   Hospitalized infection                                           9575  36 months                         553
 5.775457

 Marketscan  Infection                   Hospitalized infection                                           9575  AS cohort entry to exposure       335
 3.498695

 Marketscan  Infection                   Opportunistic infection                                          9575  12 months                          99
 1.033943

 Marketscan  Infection                   Opportunistic infection                                          9575  24 months                         138
 1.441253

 Marketscan  Infection                   Opportunistic infection                                          9575  36 months                         171
 1.785901

 Marketscan  Infection                   Opportunistic infection                                          9575  AS cohort entry to exposure        82
 0.856397

 Marketscan  Inflammatory bowel disease  Crohns disease or ulcerative colitis                             9575  12 months                         650
 6.788512

 Marketscan  Inflammatory bowel disease  Crohns disease or ulcerative colitis                             9575  24 months                         760
 7.937337

 Marketscan  Inflammatory bowel disease  Crohns disease or ulcerative colitis                             9575  36 months                         791
 8.261097

 Marketscan  Inflammatory bowel disease  Crohns disease or ulcerative colitis                             9575  AS cohort entry to exposure       624
 6.516971

 Marketscan  Kidney disease              Amyloidosis                                                      9575  12 months                           2
 0.020888

 Marketscan  Kidney disease              Amyloidosis                                                      9575  24 months                           4
 0.041775
 
 
 
                                                           queryPrevalentComorbidities.sas
                                                                  --- AS project ---                                00:44 Thursday, March 28, 2019   6

 database    Disease Category            disease                                                    denomPatid  timeWindow                      numer
  prevPct
 ----------------------------------------------------------------------------------------------------------------------------------------------------
 Marketscan  Kidney disease              Amyloidosis                                                      9575  36 months                           4
 0.041775

 Marketscan  Kidney disease              Amyloidosis                                                      9575  AS cohort entry to exposure         3
 0.031332

 Marketscan  Kidney disease              IgA nephropathy                                                  9575  12 months                          11
 0.114883

 Marketscan  Kidney disease              IgA nephropathy                                                  9575  24 months                          13
  0.13577

 Marketscan  Kidney disease              IgA nephropathy                                                  9575  36 months                          16
 0.167102

 Marketscan  Kidney disease              IgA nephropathy                                                  9575  AS cohort entry to exposure         9
 0.093995

 Marketscan  Kidney disease              Nephrotic syndrome                                               9575  12 months                           2
 0.020888

 Marketscan  Kidney disease              Nephrotic syndrome                                               9575  24 months                           3
 0.031332

 Marketscan  Kidney disease              Nephrotic syndrome                                               9575  36 months                           5
 0.052219

 Marketscan  Kidney disease              Nephrotic syndrome                                               9575  AS cohort entry to exposure         4
 0.041775

 Marketscan  Lung disease                Interstitial or restrictive lung disease                         9575  12 months                          91
 0.950392

 Marketscan  Lung disease                Interstitial or restrictive lung disease                         9575  24 months                         140
 1.462141

 Marketscan  Lung disease                Interstitial or restrictive lung disease                         9575  36 months                         160
 1.671018

 Marketscan  Lung disease                Interstitial or restrictive lung disease                         9575  AS cohort entry to exposure        84
 0.877285

 Marketscan  Neurological Disease        Cauda Equina syndrome                                            9575  12 months                           3
 0.031332

 Marketscan  Neurological Disease        Cauda Equina syndrome                                            9575  24 months                           5
 0.052219

 Marketscan  Neurological Disease        Cauda Equina syndrome                                            9575  36 months                           5
 0.052219

 Marketscan  Neurological Disease        Cauda Equina syndrome                                            9575  AS cohort entry to exposure         4
 0.041775

 Marketscan  Neurological Disease        Spinal Cord compression                                          9575  12 months                           9
 0.093995

 Marketscan  Neurological Disease        Spinal Cord compression                                          9575  24 months                          21
 0.219321

 Marketscan  Neurological Disease        Spinal Cord compression                                          9575  36 months                          25
 0.261097

 Marketscan  Neurological Disease        Spinal Cord compression                                          9575  AS cohort entry to exposure         9
 0.093995
 
 
 
                                                           queryPrevalentComorbidities.sas
                                                                  --- AS project ---                                00:44 Thursday, March 28, 2019   7

 database    Disease Category            disease                                                    denomPatid  timeWindow                      numer
  prevPct
 ----------------------------------------------------------------------------------------------------------------------------------------------------
 Marketscan  Osteoporotic fracture       Clinical vertebral or non-vertebral osteoporotic fracture        9575  12 months                         162
 1.691906

 Marketscan  Osteoporotic fracture       Clinical vertebral or non-vertebral osteoporotic fracture        9575  24 months                         274
 2.861619

 Marketscan  Osteoporotic fracture       Clinical vertebral or non-vertebral osteoporotic fracture        9575  36 months                         340
 3.550914

 Marketscan  Osteoporotic fracture       Clinical vertebral or non-vertebral osteoporotic fracture        9575  AS cohort entry to exposure       212
 2.214099

 Marketscan  PsO/PsA                     Psoriasis or psoriatic arthritis                                 9575  12 months                         687
 7.174935

 Marketscan  PsO/PsA                     Psoriasis or psoriatic arthritis                                 9575  24 months                         840
 8.772846

 Marketscan  PsO/PsA                     Psoriasis or psoriatic arthritis                                 9575  36 months                         920
 9.608355

 Marketscan  PsO/PsA                     Psoriasis or psoriatic arthritis                                 9575  AS cohort entry to exposure       571
 5.963446

 Marketscan  Uveitis                     Uveitis                                                          9575  12 months                         607
 6.339426

 Marketscan  Uveitis                     Uveitis                                                          9575  24 months                         757
 7.906005

 Marketscan  Uveitis                     Uveitis                                                          9575  36 months                         828
  8.64752

 Marketscan  Uveitis                     Uveitis                                                          9575  AS cohort entry to exposure       634
  6.62141

 Medicare    Cancer                      Hematologic Cancer                                               9273  12 months                         154
 1.660735

 Medicare    Cancer                      Hematologic Cancer                                               9273  24 months                         188
 2.027391

 Medicare    Cancer                      Hematologic Cancer                                               9273  36 months                         224
 2.415615

 Medicare    Cancer                      Hematologic Cancer                                               9273  AS cohort entry to exposure       182
 1.962687

 Medicare    Cancer                      Non Melanoma Skin Cancer                                         9273  12 months                         173
 1.865631

 Medicare    Cancer                      Non Melanoma Skin Cancer                                         9273  24 months                         292
 3.148927

 Medicare    Cancer                      Non Melanoma Skin Cancer                                         9273  36 months                         385
 4.151839

 Medicare    Cancer                      Non Melanoma Skin Cancer                                         9273  AS cohort entry to exposure       171
 1.844063

 Medicare    Cancer                      Solid Cancer                                                     9273  12 months                        1094
 11.79769

 Medicare    Cancer                      Solid Cancer                                                     9273  24 months                        1374
 14.81721
 
 
 
                                                           queryPrevalentComorbidities.sas
                                                                  --- AS project ---                                00:44 Thursday, March 28, 2019   8

 database    Disease Category            disease                                                    denomPatid  timeWindow                      numer
  prevPct
 ----------------------------------------------------------------------------------------------------------------------------------------------------
 Medicare    Cancer                      Solid Cancer                                                     9273  36 months                        1572
 16.95244

 Medicare    Cancer                      Solid Cancer                                                     9273  AS cohort entry to exposure      1189
 12.82217

 Medicare    Cardiac disease             Aortic Insufficiency/Aortic Regurgitation                        9273  12 months                         569
 6.136094

 Medicare    Cardiac disease             Aortic Insufficiency/Aortic Regurgitation                        9273  24 months                         791
 8.530141

 Medicare    Cardiac disease             Aortic Insufficiency/Aortic Regurgitation                        9273  36 months                         969
 10.44969

 Medicare    Cardiac disease             Aortic Insufficiency/Aortic Regurgitation                        9273  AS cohort entry to exposure       701
 7.559582

 Medicare    Cardiac disease             Conduction Block                                                 9273  12 months                         354
 3.817535

 Medicare    Cardiac disease             Conduction Block                                                 9273  24 months                         598
  6.44883

 Medicare    Cardiac disease             Conduction Block                                                 9273  36 months                         762
 8.217405

 Medicare    Cardiac disease             Conduction Block                                                 9273  AS cohort entry to exposure       470
 5.068478

 Medicare    Cardiac disease             Myocardial infarction                                            9273  12 months                          96
 1.035264

 Medicare    Cardiac disease             Myocardial infarction                                            9273  24 months                         199
 2.146015

 Medicare    Cardiac disease             Myocardial infarction                                            9273  36 months                         282
 3.041087

 Medicare    Cardiac disease             Myocardial infarction                                            9273  AS cohort entry to exposure       120
  1.29408

 Medicare    Infection                   Hospitalized infection                                           9273  12 months                         941
 10.14774

 Medicare    Infection                   Hospitalized infection                                           9273  24 months                        1725
 18.60239

 Medicare    Infection                   Hospitalized infection                                           9273  36 months                        2292
 24.71692

 Medicare    Infection                   Hospitalized infection                                           9273  AS cohort entry to exposure      1274
 13.73881

 Medicare    Infection                   Opportunistic infection                                          9273  12 months                         156
 1.682303

 Medicare    Infection                   Opportunistic infection                                          9273  24 months                         269
 2.900895

 Medicare    Infection                   Opportunistic infection                                          9273  36 months                         361
 3.893023

 Medicare    Infection                   Opportunistic infection                                          9273  AS cohort entry to exposure       244
 2.631295
 
 
 
                                                           queryPrevalentComorbidities.sas
                                                                  --- AS project ---                                00:44 Thursday, March 28, 2019   9

 database    Disease Category            disease                                                    denomPatid  timeWindow                      numer
  prevPct
 ----------------------------------------------------------------------------------------------------------------------------------------------------
 Medicare    Inflammatory bowel disease  Crohns disease or ulcerative colitis                             9273  12 months                         323
 3.483231

 Medicare    Inflammatory bowel disease  Crohns disease or ulcerative colitis                             9273  24 months                         408
 4.399871

 Medicare    Inflammatory bowel disease  Crohns disease or ulcerative colitis                             9273  36 months                         464
 5.003774

 Medicare    Inflammatory bowel disease  Crohns disease or ulcerative colitis                             9273  AS cohort entry to exposure       409
 4.410655

 Medicare    Kidney disease              Amyloidosis                                                      9273  12 months                           4
 0.043136

 Medicare    Kidney disease              Amyloidosis                                                      9273  24 months                           8
 0.086272

 Medicare    Kidney disease              Amyloidosis                                                      9273  36 months                          10
  0.10784

 Medicare    Kidney disease              Amyloidosis                                                      9273  AS cohort entry to exposure         6
 0.064704

 Medicare    Kidney disease              IgA nephropathy                                                  9273  12 months                           7
 0.075488

 Medicare    Kidney disease              IgA nephropathy                                                  9273  24 months                          13
 0.140192

 Medicare    Kidney disease              IgA nephropathy                                                  9273  36 months                          22
 0.237248

 Medicare    Kidney disease              IgA nephropathy                                                  9273  AS cohort entry to exposure        14
 0.150976

 Medicare    Kidney disease              Nephrotic syndrome                                               9273  12 months                          11
 0.118624

 Medicare    Kidney disease              Nephrotic syndrome                                               9273  24 months                          14
 0.150976

 Medicare    Kidney disease              Nephrotic syndrome                                               9273  36 months                          15
  0.16176

 Medicare    Kidney disease              Nephrotic syndrome                                               9273  AS cohort entry to exposure        11
 0.118624

 Medicare    Lung disease                Apical Pulmonary fibrosis                                        9273  12 months                           1
 0.010784

 Medicare    Lung disease                Apical Pulmonary fibrosis                                        9273  24 months                           1
 0.010784

 Medicare    Lung disease                Apical Pulmonary fibrosis                                        9273  36 months                           2
 0.021568

 Medicare    Lung disease                Apical Pulmonary fibrosis                                        9273  AS cohort entry to exposure         1
 0.010784

 Medicare    Lung disease                Interstitial or restrictive lung disease                         9273  12 months                         323
 3.483231

 Medicare    Lung disease                Interstitial or restrictive lung disease                         9273  24 months                         480
 5.176318
 
 
 
                                                           queryPrevalentComorbidities.sas
                                                                  --- AS project ---                                00:44 Thursday, March 28, 2019  10

 database    Disease Category            disease                                                    denomPatid  timeWindow                      numer
  prevPct
 ----------------------------------------------------------------------------------------------------------------------------------------------------
 Medicare    Lung disease                Interstitial or restrictive lung disease                         9273  36 months                         598
  6.44883

 Medicare    Lung disease                Interstitial or restrictive lung disease                         9273  AS cohort entry to exposure       451
 4.863582

 Medicare    Neurological Disease        Cauda Equina syndrome                                            9273  12 months                           7
 0.075488

 Medicare    Neurological Disease        Cauda Equina syndrome                                            9273  24 months                          11
 0.118624

 Medicare    Neurological Disease        Cauda Equina syndrome                                            9273  36 months                          15
  0.16176

 Medicare    Neurological Disease        Cauda Equina syndrome                                            9273  AS cohort entry to exposure        12
 0.129408

 Medicare    Neurological Disease        Spinal Cord compression                                          9273  12 months                          17
 0.183328

 Medicare    Neurological Disease        Spinal Cord compression                                          9273  24 months                          27
 0.291168

 Medicare    Neurological Disease        Spinal Cord compression                                          9273  36 months                          36
 0.388224

 Medicare    Neurological Disease        Spinal Cord compression                                          9273  AS cohort entry to exposure        27
 0.291168

 Medicare    Osteoporotic fracture       Clinical vertebral or non-vertebral osteoporotic fracture        9273  12 months                         719
 7.753694

 Medicare    Osteoporotic fracture       Clinical vertebral or non-vertebral osteoporotic fracture        9273  24 months                        1173
 12.64963

 Medicare    Osteoporotic fracture       Clinical vertebral or non-vertebral osteoporotic fracture        9273  36 months                        1519
 16.38089

 Medicare    Osteoporotic fracture       Clinical vertebral or non-vertebral osteoporotic fracture        9273  AS cohort entry to exposure      1044
 11.25849

 Medicare    PsO/PsA                     Psoriasis or psoriatic arthritis                                 9273  12 months                         523
  5.64003

 Medicare    PsO/PsA                     Psoriasis or psoriatic arthritis                                 9273  24 months                         668
  7.20371

 Medicare    PsO/PsA                     Psoriasis or psoriatic arthritis                                 9273  36 months                         739
 7.969373

 Medicare    PsO/PsA                     Psoriasis or psoriatic arthritis                                 9273  AS cohort entry to exposure       626
 6.750782

 Medicare    Uveitis                     Uveitis                                                          9273  12 months                         197
 2.124447

 Medicare    Uveitis                     Uveitis                                                          9273  24 months                         258
 2.782271

 Medicare    Uveitis                     Uveitis                                                          9273  36 months                         285
 3.073439

 Medicare    Uveitis                     Uveitis                                                          9273  AS cohort entry to exposure       245
 2.642079
 
 
 
                                                           queryPrevalentComorbidities.sas
386        quit;
NOTE: The PROCEDURE SQL printed pages 1-10.
NOTE: PROCEDURE SQL used (Total process time):
      real time           0.86 seconds
      cpu time            0.84 seconds
      

387        
388        
7                                                                   The SAS System                                      00:44 Thursday, March 28, 2019

389        proc export
390          data = Work.prev
391          outfile = "data\processed\&cmt.Overall.csv"
392          dbms = csv
393          replace;
394          delimiter = ",";
395        run;

396         /**********************************************************************
397         *   PRODUCT:   SAS
398         *   VERSION:   9.4
399         *   CREATOR:   External File Interface
400         *   DATE:      28MAR19
401         *   DESC:      Generated SAS Datastep Code
402         *   TEMPLATE SOURCE:  (None Specified.)
403         ***********************************************************************/
404            data _null_;
405            %let _EFIERR_ = 0; /* set the ERROR detection macro variable */
406            %let _EFIREC_ = 0;     /* clear export record count macro variable */
407            file 'data\processed\queryPrevalentComorbiditiesOverall.csv' delimiter=',' DSD DROPOVER lrecl=32767;
408            if _n_ = 1 then        /* write column names or labels */
409             do;
410               put
411                  "database"
412               ','
413                  "outcomeCategory"
414               ','
415                  "disease"
416               ','
417                  "denomPatid"
418               ','
419                  "timeWindow"
420               ','
421                  "numer"
422               ','
423                  "prevPct"
424               ;
425             end;
426           set  WORK.PREV   end=EFIEOD;
427               format database $10. ;
428               format outcomeCategory $26. ;
429               format disease $57. ;
430               format denomPatid best12. ;
431               format timeWindow $27. ;
432               format numer best12. ;
433               format prevPct best12. ;
434             do;
435               EFIOUT + 1;
436               put database $ @;
437               put outcomeCategory $ @;
438               put disease $ @;
439               put denomPatid @;
440               put timeWindow $ @;
441               put numer @;
442               put prevPct ;
443               ;
444             end;
445            if _ERROR_ then call symputx('_EFIERR_',1);  /* set ERROR detection macro variable */
446            if EFIEOD then call symputx('_EFIREC_',EFIOUT);
447            run;

NOTE: The file 'data\processed\queryPrevalentComorbiditiesOverall.csv' is:
      Filename=U:\studies\AS\pgms\bchan\data\processed\queryPrevalentComorbiditiesOverall.csv,
      RECFM=V,LRECL=32767,File Size (bytes)=0,
      Last Modified=28Mar2019:00:45:20,
      Create Time=28Mar2019:00:45:20

NOTE: 221 records were written to the file 'data\processed\queryPrevalentComorbiditiesOverall.csv'.
      The minimum record length was 52.
      The maximum record length was 140.
NOTE: There were 220 observations read from the data set WORK.PREV.
NOTE: DATA statement used (Total process time):
8                                                                   The SAS System                                      00:44 Thursday, March 28, 2019

      real time           0.01 seconds
      cpu time            0.01 seconds
      

220 records created in data\processed\queryPrevalentComorbiditiesOverall.csv from WORK.PREV.
  
  
NOTE: "data\processed\queryPrevalentComorbiditiesOverall.csv" file was successfully created.
NOTE: PROCEDURE EXPORT used (Total process time):
      real time           0.22 seconds
      cpu time            0.15 seconds
      

448        
449        
450        
451        
452        ods html close;
NOTE: SAS Institute Inc., SAS Campus Drive, Cary, NC USA 27513-2414
NOTE: The SAS System used:
      real time           35.92 seconds
      cpu time            40.54 seconds
      
