1                                          The SAS System              18:37 Thursday, June 21, 2018

NOTE: Copyright (c) 2016 by SAS Institute Inc., Cary, NC, USA. 
NOTE: SAS (r) Proprietary Software 9.4 (TS1M5) 
      Licensed to UNIVERSITY OF ALABAMA AT BIRMINGHAM - SFA - T&R, Site 70086550.
NOTE: This session is executing on the X64_DS08R2  platform.



NOTE: Updated analytical products:
      
      SAS/STAT 14.3
      SAS/ETS 14.3
      SAS/IML 14.3
      SAS/QC 14.3

NOTE: Additional host information:

 X64_DS08R2 WIN 6.1.7601 Service Pack 1 Server

--- PEER News and Updates ---

: SECURITY REMINDER :
Please remember not to copy any data files that contain PHI (protected health identifiers) to any 
of the shared folders.

 


NOTE: SAS initialization used:
      real time           0.37 seconds
      cpu time            0.35 seconds
      
1          *  University of Alabama at Birmingham                               *
2          *  AS project                                            *
3          **********************************************************************;
4          options pagesize=74 linesize=150 pageno=1 missing=' ' date FORMCHAR="|----|+|---+=|-/\<>*";
5          * Programmer    : Benjamin Chan <chanb@ohsu.edu>
6          * Creation date :
7          * Modify date   :
8          ;
9          %let cmt=reproduceTables2; * type the name of your program here (without the filename extension);
10         %let pgm=&cmt..sas;
11         %include "lib\libname.sas" ;
NOTE: Libref STDC5P was successfully assigned as follows: 
      Engine:        SPDE 
      Physical Name: H:\studies\osteo\data\STD_files\5pct\
NOTE: Libref STD_SABR was successfully assigned as follows: 
      Engine:        SPDE 
      Physical Name: q:\data\std_SABER\
NOTE: Libref MPSTD was successfully assigned as follows: 
      Engine:        SPDE 
      Physical Name: q:\studies\mpcd\data\stddata\
NOTE: Libref UCBSTD was successfully assigned as follows: 
      Engine:        SPDE 
      Physical Name: q:\studies\AS\data\stddata\
NOTE: Libref UCB was successfully assigned as follows: 
      Engine:        SPDE 
      Physical Name: q:\studies\AS\data\UCB\
NOTE: Libref UCB64 was successfully assigned as follows: 
      Engine:        SPDE 
      Physical Name: q:\studies\AS\data\UCB64\
NOTE: Libref DT was successfully assigned as follows: 
      Engine:        V9 
      Physical Name: V:\studies\AS\data
NOTE: Libref NDC was successfully assigned as follows: 
      Engine:        V9 
      Physical Name: W:\onenote\references\drug ndcs\sas data
143        footnote "&pgm.";
144        * footnote2 "%sysfunc(datetime(),datetime14.)";
145        title1 '--- AS project ---';
146        **********************************************************************;
147        options macrogen mlogic mprint symbolgen;
148        options nomacrogen nomlogic nomprint nosymbolgen;
2                                                                   The SAS System                                       18:37 Thursday, June 21, 2018

149        
150        
151        ods html
152          body = "output\&cmt..html"
153          style = Statistical;
NOTE: Writing HTML Body file: output\reproduceTables2.html
154        
155        
156        %let var = patid, age, sex, asDate, enr_start_date, enr_end_date, asCohortDate, death_date;
157        proc sql;
158          create table DT.asLookup AS
159            select "Marketscan" as database, "AS" as cohort, &var from DT.cohortastducb   union corr
160            select "MPCD"       as database, "AS" as cohort, &var from DT.cohortastdmpcd  union corr
161            select "Medicare"   as database, "AS" as cohort, &var from DT.cohortastd_sabr ;
NOTE: Table DT.ASLOOKUP created, with 38888 rows and 10 columns.

162        quit;
NOTE: PROCEDURE SQL used (Total process time):
      real time           0.28 seconds
      cpu time            0.21 seconds
      

163        
164        
165        proc sort data = DT.asLookup out = Work.patidCharacteristics nodupkey;
166          by database patid;
167        run;

NOTE: There were 38888 observations read from the data set DT.ASLOOKUP.
NOTE: 0 observations with duplicate key values were deleted.
NOTE: The data set WORK.PATIDCHARACTERISTICS has 38888 observations and 10 variables.
NOTE: PROCEDURE SORT used (Total process time):
      real time           0.11 seconds
      cpu time            0.06 seconds
      

168        proc sort data = DT.controlLookup out = Work.controlCharacteristics nodupkey;
169          by database patid;
170        run;

NOTE: There were 2586417 observations read from the data set DT.CONTROLLOOKUP.
NOTE: 0 observations with duplicate key values were deleted.
NOTE: The data set WORK.CONTROLCHARACTERISTICS has 2586417 observations and 9 variables.
NOTE: PROCEDURE SORT used (Total process time):
      real time           1.10 seconds
      cpu time            2.76 seconds
      

171        proc sql;
172          select cohort,
173                 database,
174                 count(*) format = comma9.0 as denom,
175                 strip(put(mean(age), 8.1)) || " (" || strip(put(std(age), 8.1)) || ")" as age,
176                 strip(put(sum(sex = "F") / count(*), percent9.1) || "(n = " || strip(put(sum(sex = "F"), comma9.0)) || ")") as female
177            from (select cohort, database, patid, age, sex from Work.patidCharacteristics union corr
178                  select cohort, database, patid, age, sex from Work.controlCharacteristics )
179          group by cohort, database;
                                                                  --- AS project ---                                 18:37 Thursday, June 21, 2018   1

                                     cohort  database        denom  age                  female
                                     ----------------------------------------------------------------------------
                                     AS      MPCD            4,831  44.5 (15.0)          49.0% (n = 2,369)       
                                     AS      Marketscan     19,687  46.4 (14.1)          50.9% (n = 10,025)      
                                     AS      Medicare       14,370  74.4 (6.8)           67.2% (n = 9,656)       
                                     Non-AS  MPCD        1,139,225  50.1 (16.6)          55.8% (n = 635,972)     
                                     Non-AS  Medicare    1,447,192  74.5 (8.3)           64.4% (n = 931,837)     
 
 
 
 
 
 
 
 
 
 
 
 
 
 
 
 
 
 
 
 
 
 
 
 
 
 
 
 
 
 
 
 
 
 
 
 
 
 
 
 
 
 
 
 
 
 
 
 
 
 
 
 
 
 
 
 
 
 
 
 
 
 
 
 
                                                                 reproduceTables2.sas
180        quit;
NOTE: The PROCEDURE SQL printed page 1.
NOTE: PROCEDURE SQL used (Total process time):
      real time           2.85 seconds
      cpu time            4.58 seconds
      

181        
182        
183        proc sort data = DT.indexLookup out = Work.patidCharacteristics nodupkey;
184          by database patid;
185        run;

NOTE: There were 32487 observations read from the data set DT.INDEXLOOKUP.
NOTE: 12027 observations with duplicate key values were deleted.
3                                                                   The SAS System                                       18:37 Thursday, June 21, 2018

NOTE: The data set WORK.PATIDCHARACTERISTICS has 20460 observations and 13 variables.
NOTE: PROCEDURE SORT used (Total process time):
      real time           0.09 seconds
      cpu time            0.06 seconds
      

186        proc sort data = DT.controlLookup out = Work.controlCharacteristics nodupkey;
187          by database patid;
188        run;

NOTE: There were 2586417 observations read from the data set DT.CONTROLLOOKUP.
NOTE: 0 observations with duplicate key values were deleted.
NOTE: The data set WORK.CONTROLCHARACTERISTICS has 2586417 observations and 9 variables.
NOTE: PROCEDURE SORT used (Total process time):
      real time           1.14 seconds
      cpu time            2.45 seconds
      

189        proc sql;
190          select cohort,
191                 database,
192                 count(*) format = comma9.0 as denom,
193                 strip(put(mean(age), 8.1)) || " (" || strip(put(std(age), 8.1)) || ")" as age,
194                 strip(put(sum(sex = "F") / count(*), percent9.1) || "(n = " || strip(put(sum(sex = "F"), comma9.0)) || ")") as female
195            from (select "Exposed" as cohort, database, patid, age, sex from Work.patidCharacteristics union corr
196                  select              cohort, database, patid, age, sex from Work.controlCharacteristics )
197          group by cohort, database;
                                                                  --- AS project ---                                 18:37 Thursday, June 21, 2018   2

                                    cohort   database        denom  age                  female
                                    -----------------------------------------------------------------------------
                                    Exposed  MPCD            2,384  46.4 (15.8)          54.3% (n = 1,295)       
                                    Exposed  Marketscan      9,032  46.3 (14.6)          55.6% (n = 5,022)       
                                    Exposed  Medicare        9,044  74.8 (6.9)           68.8% (n = 6,218)       
                                    Non-AS   MPCD        1,139,225  50.1 (16.6)          55.8% (n = 635,972)     
                                    Non-AS   Medicare    1,447,192  74.5 (8.3)           64.4% (n = 931,837)     
 
 
 
 
 
 
 
 
 
 
 
 
 
 
 
 
 
 
 
 
 
 
 
 
 
 
 
 
 
 
 
 
 
 
 
 
 
 
 
 
 
 
 
 
 
 
 
 
 
 
 
 
 
 
 
 
 
 
 
 
 
 
 
 
                                                                 reproduceTables2.sas
198        quit;
NOTE: The PROCEDURE SQL printed page 2.
NOTE: PROCEDURE SQL used (Total process time):
      real time           2.69 seconds
      cpu time            4.44 seconds
      

199        
200        
201        proc sort data = DT.indexLookup out = Work.patidCharacteristics nodupkey;
202          by database exposure patid;
203        run;

NOTE: There were 32487 observations read from the data set DT.INDEXLOOKUP.
NOTE: 5569 observations with duplicate key values were deleted.
NOTE: The data set WORK.PATIDCHARACTERISTICS has 26918 observations and 13 variables.
NOTE: PROCEDURE SORT used (Total process time):
      real time           0.09 seconds
      cpu time            0.04 seconds
      

204        proc sql;
205          select database,
206                 exposure,
207                 count(*) format = comma9.0 as denom,
208                 strip(put(mean(age), 8.1)) || " (" || strip(put(std(age), 8.1)) || ")" as age,
209                 strip(put(sum(sex = "F") / count(*), percent9.1) || "(n = " || strip(put(sum(sex = "F"), comma9.0)) || ")") as female
210            from Work.patidCharacteristics
211          group by database, exposure;
                                                                  --- AS project ---                                 18:37 Thursday, June 21, 2018   3

                                  database    exposure         denom  age                  female
                                  ---------------------------------------------------------------------------------
                                  MPCD        DMARD              381  42.8 (14.9)          59.6% (n = 227)         
                                  MPCD        NSAID              587  44.0 (15.0)          61.3% (n = 360)         
                                  MPCD        No exposure      1,160  52.0 (15.7)          57.5% (n = 667)         
                                  MPCD        TNF                856  40.1 (13.0)          46.4% (n = 397)         
                                  Marketscan  DMARD            1,550  46.1 (14.1)          63.6% (n = 986)         
                                  Marketscan  NSAID            2,700  46.2 (15.1)          60.9% (n = 1,643)       
                                  Marketscan  No exposure      3,368  49.0 (15.5)          55.6% (n = 1,871)       
                                  Marketscan  TNF              3,936  43.6 (13.3)          51.1% (n = 2,011)       
                                  Medicare    DMARD            1,599  72.9 (5.8)           70.1% (n = 1,121)       
                                  Medicare    NSAID            4,448  74.6 (6.7)           72.0% (n = 3,204)       
                                  Medicare    No exposure      5,221  76.1 (7.2)           69.6% (n = 3,635)       
                                  Medicare    TNF              1,112  71.3 (5.2)           55.7% (n = 619)         
 
 
 
 
 
 
 
 
 
 
 
 
 
 
 
 
 
 
 
 
 
 
 
 
 
 
 
 
 
 
 
 
 
 
 
 
 
 
 
 
 
 
 
 
 
 
 
 
 
 
 
 
 
 
 
 
 
                                                                 reproduceTables2.sas
212        quit;
NOTE: The PROCEDURE SQL printed page 3.
NOTE: PROCEDURE SQL used (Total process time):
      real time           0.04 seconds
      cpu time            0.04 seconds
      

213        
214        
215        ods html close;
NOTE: SAS Institute Inc., SAS Campus Drive, Cary, NC USA 27513-2414
NOTE: The SAS System used:
      real time           9.56 seconds
      cpu time            15.63 seconds
      
