1                                                          The SAS System                           11:29 Thursday, November 1, 2018

NOTE: Unable to open SASUSER.REGSTRY. WORK.REGSTRY will be opened instead.
NOTE: All registry changes will be lost at the end of the session.

WARNING: Unable to copy SASUSER registry to WORK registry. Because of this, you will not see registry customizations during this 
         session.
NOTE: Unable to open SASUSER.PROFILE. WORK.PROFILE will be opened instead.
NOTE: All profile changes will be lost at the end of the session.
NOTE: Copyright (c) 2016 by SAS Institute Inc., Cary, NC, USA. 
NOTE: SAS (r) Proprietary Software 9.4 (TS1M5) 
      Licensed to UNIVERSITY OF ALABAMA AT BIRMINGHAM - SFA - T&R, Site 70086550.
NOTE: This session is executing on the X64_DS08R2  platform.



NOTE: Updated analytical products:
      
      SAS/STAT 14.3
      SAS/ETS 14.3
      SAS/IML 14.3
      SAS/QC 14.3

NOTE: Additional host information:

 X64_DS08R2 WIN 6.1.7601 Service Pack 1 Server

--- PEER News and Updates ---

: SECURITY REMINDER :
Please remember not to copy any data files that contain PHI (protected health identifiers) to any of the shared folders.

 


NOTE: SAS initialization used:
      real time           3.90 seconds
      cpu time            0.28 seconds
      
1          *  University of Alabama at Birmingham                               *
2          *  AS project                                            *
3          **********************************************************************;
4          options pagesize=74 linesize=150 pageno=1 missing=' ' date FORMCHAR="|----|+|---+=|-/\<>*";
5          * Programmer    : Benjamin Chan <chanb@ohsu.edu>
6          * Creation date :
7          * Modify date   :
8          ;
9          %let cmt=unionExpoCohort7; * type the name of your program here (without the filename extension);
10         %let pgm=&cmt..sas;
11         %include "lib\libname.sas" ;
NOTE: Libref STDC5P was successfully assigned as follows: 
      Engine:        SPDE 
      Physical Name: H:\studies\osteo\data\STD_files\5pct\
NOTE: Libref STD_SABR was successfully assigned as follows: 
      Engine:        SPDE 
      Physical Name: q:\data\std_SABER\
NOTE: Libref MPSTD was successfully assigned as follows: 
      Engine:        SPDE 
      Physical Name: q:\studies\mpcd\data\stddata\
NOTE: Libref UCBSTD was successfully assigned as follows: 
      Engine:        SPDE 
      Physical Name: q:\studies\AS\data\stddata\
NOTE: Libref UCB was successfully assigned as follows: 
      Engine:        SPDE 
      Physical Name: q:\studies\AS\data\UCB\
NOTE: Libref UCB64 was successfully assigned as follows: 
      Engine:        SPDE 
      Physical Name: q:\studies\AS\data\UCB64\
NOTE: Libref DT was successfully assigned as follows: 
      Engine:        V9 
      Physical Name: V:\studies\AS\data
NOTE: Libref NDC was successfully assigned as follows: 
      Engine:        V9 
      Physical Name: W:\onenote\references\drug ndcs\sas data
2                                                                   The SAS System                                    11:29 Thursday, November 1, 2018

143        footnote "&pgm.";
144        * footnote2 "%sysfunc(datetime(),datetime14.)";
145        title1 '--- AS project ---';
146        **********************************************************************;
147        options macrogen mlogic mprint symbolgen;
148        options nomacrogen nomlogic nomprint nosymbolgen;
149        
150        
151        ods html
152          body = "output\&cmt..html"
153          style = Statistical;
NOTE: Writing HTML Body file: output\unionExpoCohort7.html
154        
155        
156        proc sql;
157          create table Work.exposureTimeline as
158            select database,
159                   patid,
160                   case
161                     when exposure = "NO" then 0
162                     when exposure = "NSAID" then 1
163                     when exposure = "DMARD" then 2
164                     when exposure = "TNF" then 3
165                     else .
166                     end as exposureClass,
167                   case
168                     when exposure = "NO" then "No exposure"
169                     else exposure
170                     end as exposure,
171                   case
172                     when exposure = "NO" then ""
173                     else GNN
174                     end as exposureDrug,
175                   indexDate format = mmddyy10. as exposureStart,
176                   enr_end_date format = mmddyy10.,
177                   death_date format = mmddyy10.,
178                   stop_date format = mmddyy10.,
179                   obs_end format = mmddyy10.,
180                   followupenddate format = mmddyy10. as exposureEnd,
181                   followupday as daysExposed
182            from (select * from DT.expo_cohort7_UCBSTD  union corr
183                  select * from DT.expo_cohort7_MPSTD   union corr
184                  select * from DT.expo_cohort7_SABRSTD );
NOTE: Table WORK.EXPOSURETIMELINE created, with 42847 rows and 12 columns.

185          alter table Work.exposureTimeline add exposureID numeric;
NOTE: Table WORK.EXPOSURETIMELINE has been modified, with 13 columns.
186          update Work.exposureTimeline
187            set exposureID = monotonic();
NOTE: 42847 rows were updated in WORK.EXPOSURETIMELINE.

188          select database, count(*) as n from Work.exposureTimeline group by database;
                                                                  --- AS project ---                              11:29 Thursday, November 1, 2018   1

                                                                 database           n
                                                                 --------------------
                                                                 MPCD            3299
                                                                 Marketscan     13266
                                                                 Medicare       26282
 
 
 
 
 
 
 
 
 
 
 
 
 
 
 
 
 
 
 
 
 
 
 
 
 
 
 
 
 
 
 
 
 
 
 
 
 
 
 
 
 
 
 
 
 
 
 
 
 
 
 
 
 
 
 
 
 
 
 
 
 
 
 
 
 
 
                                                                 unionExpoCohort7.sas
189          select database, exposureClass, exposure, count(*) as n from Work.exposureTimeline group by database, exposureClass, exposure;
                                                                  --- AS project ---                              11:29 Thursday, November 1, 2018   2

                                                                   exposure
                                                   database           Class  exposure            n
                                                   -----------------------------------------------
                                                   MPCD                   0  No exposure      1307
                                                   MPCD                   1  NSAID             578
                                                   MPCD                   2  DMARD             420
                                                   MPCD                   3  TNF               994
                                                   Marketscan             0  No exposure      3947
                                                   Marketscan             1  NSAID            2890
                                                   Marketscan             2  DMARD            1661
                                                   Marketscan             3  TNF              4768
                                                   Medicare               0  No exposure      9257
                                                   Medicare               1  NSAID            8856
                                                   Medicare               2  DMARD            3824
                                                   Medicare               3  TNF              4345
 
 
 
 
 
 
 
 
 
 
 
 
 
 
 
 
 
 
 
 
 
 
 
 
 
 
 
 
 
 
 
 
 
 
 
 
 
 
 
 
 
 
 
 
 
 
 
 
 
 
 
 
 
 
 
 
                                                                 unionExpoCohort7.sas
190        quit;
NOTE: The PROCEDURE SQL printed pages 1-2.
NOTE: PROCEDURE SQL used (Total process time):
      real time           0.98 seconds
      cpu time            0.74 seconds
      

191        
192        
193        proc means data = Work.exposureTimeline n sum mean std min q1 median q3 max maxdec = 1;
194          class database exposureClass exposure;
195          var daysExposed;
196        run;

                                                                  --- AS project ---                              11:29 Thursday, November 1, 2018   3

                                                                 The MEANS Procedure

                                                     Analysis Variable : daysExposed daysExposed
 
                exposure                                                                                            Lower                       Upper
database           Class  exposure     N Obs      N           Sum          Mean       Std Dev       Minimum      Quartile        Median      Quartile
-----------------------------------------------------------------------------------------------------------------------------------------------------
MPCD                   0  No exposure   1307   1307      585858.0         448.2         382.2           1.0         123.0         355.0         699.0

                       1  NSAID          578    578      153803.0         266.1         281.9           2.0          55.0         150.5         387.0

                       2  DMARD          420    420      119266.0         284.0         304.7           1.0          42.0         168.0         418.0

                       3  TNF            994    994      401124.0         403.5         317.7           1.0         146.0         309.5         579.0

Marketscan             0  No exposure   3947   3947     1417626.0         359.2         382.8           1.0          72.0         208.0         534.0

                       1  NSAID         2890   2890      813865.0         281.6         315.2           1.0          55.0         156.0         406.0

                       2  DMARD         1661   1661      482138.0         290.3         338.4           1.0          49.0         146.0         415.0

                       3  TNF           4768   4768     1991891.0         417.8         371.8           1.0         130.0         292.5         610.0

Medicare               0  No exposure   9257   9257     8607568.0         929.8         862.3           1.0         215.0         762.0        1278.0

                       1  NSAID         8856   8856     5946062.0         671.4         725.3           1.0          93.0         397.5        1021.0

                       2  DMARD         3824   3824     3095053.0         809.4         883.5           1.0          71.0         496.5        1239.5

                       3  TNF           4345   4345     5223929.0        1202.3         929.7           1.0         434.0         985.0        1758.0
-----------------------------------------------------------------------------------------------------------------------------------------------------

                                                     Analysis Variable : daysExposed daysExposed
 
                                                              exposure
                                              database           Class  exposure     N Obs       Maximum
                                              ----------------------------------------------------------
                                              MPCD                   0  No exposure   1307        1278.0

                                                                     1  NSAID          578        1223.0

                                                                     2  DMARD          420        1229.0

                                                                     3  TNF            994        1276.0

                                              Marketscan             0  No exposure   3947        1643.0

                                                                     1  NSAID         2890        1599.0

                                                                     2  DMARD         1661        1611.0

                                                                     3  TNF           4768        1639.0

                                              Medicare               0  No exposure   9257        3835.0

                                                                     1  NSAID         8856        3797.0

                                                                     2  DMARD         3824        3821.0

                                                                     3  TNF           4345        3819.0
                                              ----------------------------------------------------------
 
 
 
 
 
 
 
 
 
 
                                                                 unionExpoCohort7.sas
NOTE: There were 42847 observations read from the data set WORK.EXPOSURETIMELINE.
NOTE: The PROCEDURE MEANS printed page 3.
NOTE: PROCEDURE MEANS used (Total process time):
      real time           0.07 seconds
      cpu time            0.18 seconds
3                                                                   The SAS System                                    11:29 Thursday, November 1, 2018

      

197        
198        
199        proc copy in = Work out = DT;
200          select exposureTimeline;
201        run;

NOTE: Copying WORK.EXPOSURETIMELINE to DT.EXPOSURETIMELINE (memtype=DATA).
NOTE: There were 42847 observations read from the data set WORK.EXPOSURETIMELINE.
NOTE: The data set DT.EXPOSURETIMELINE has 42847 observations and 13 variables.
NOTE: PROCEDURE COPY used (Total process time):
      real time           0.15 seconds
      cpu time            0.01 seconds
      

202        proc contents data = DT.exposureTimeline order = varnum;
203        run;

                                                                  --- AS project ---                              11:29 Thursday, November 1, 2018   4

                                                                The CONTENTS Procedure

                                    Data Set Name        DT.EXPOSURETIMELINE           Observations          42847
                                    Member Type          DATA                          Variables             13   
                                    Engine               V9                            Indexes               0    
                                    Created              11/01/2018 11:29:25           Observation Length    144  
                                    Last Modified        11/01/2018 11:29:25           Deleted Observations  0    
                                    Protection                                         Compressed            NO   
                                    Data Set Type                                      Sorted                YES  
                                    Label                                                                         
                                    Data Representation  WINDOWS_64                                               
                                    Encoding             wlatin1  Western (Windows)                               


                                                          Engine/Host Dependent Information

                                       Data Set Page Size          65536                                       
                                       Number of Data Set Pages    95                                          
                                       First Data Page             1                                           
                                       Max Obs per Page            454                                         
                                       Obs in First Data Page      438                                         
                                       Number of Data Set Repairs  0                                           
                                       ExtendObsCounter            YES                                         
                                       Filename                    V:\studies\AS\data\exposuretimeline.sas7bdat
                                       Release Created             9.0401M5                                    
                                       Host Created                X64_DS08R2                                  
                                       Owner Name                  AD\benjaminchan                             
                                       File Size                   6MB                                         
                                       File Size (bytes)           6291456                                     


                                                              Variables in Creation Order
 
                                            #    Variable         Type    Len    Format       Label

                                            1    database         Char     10                              
                                            2    PATID            Char     20                              
                                            3    exposureClass    Num       8                              
                                            4    exposure         Char     11                              
                                            5    exposureDrug     Char     30                              
                                            6    exposureStart    Num       8    MMDDYY10.    exposureStart
                                            7    enr_end_date     Num       8    MMDDYY10.                 
                                            8    death_date       Num       8    MMDDYY10.                 
                                            9    stop_date        Num       8    MMDDYY10.                 
                                           10    obs_end          Num       8    MMDDYY10.                 
                                           11    exposureEnd      Num       8    MMDDYY10.    exposureEnd  
                                           12    daysExposed      Num       8                 daysExposed  
                                           13    exposureID       Num       8                              


                                                                  Sort Information

                                                            Sortedby       database PATID
                                                            Validated      YES           
                                                            Character Set  ANSI          
 
 
 
 
 
 
 
 
 
 
 
 
 
 
 
 
                                                                 unionExpoCohort7.sas
NOTE: PROCEDURE CONTENTS used (Total process time):
      real time           0.04 seconds
      cpu time            0.04 seconds
      
NOTE: The PROCEDURE CONTENTS printed page 4.

204        
205        
206        ods html close;
NOTE: SAS Institute Inc., SAS Campus Drive, Cary, NC USA 27513-2414
NOTE: The SAS System used:
      real time           19.75 seconds
      cpu time            1.70 seconds
      
